[2017-12-26 10:44:26.533] [DEBUG   ] --- START computation for graph 20 4 0.10 3 (__main__:63)
[2017-12-26 10:44:26.533] [DEBUG   ] --- start compute_values function (mru.computevalue:44)
[2017-12-26 10:44:26.534] [DEBUG   ] --- compute shortest sets (mru.computevalue:56)
[2017-12-26 10:44:26.542] [DEBUG   ] --- compute covering routes (mru.computevalue:60)
[2017-12-26 10:44:32.614] [DEBUG   ] --- compute solution with maximum resources (mru.computevalue:66)
[2017-12-26 10:44:32.821] [DEBUG   ] --- compute solution with minimum resources (mru.computevalue:73)
[2017-12-26 10:44:33.583] [DEBUG   ] --- compute solution for different dispositions of minimum resources (mru.computevalue:86)
[2017-12-26 10:44:36.823] [DEBUG   ] --- compute solution with 3 resources (mru.computevalue:97)
[2017-12-26 10:44:37.278] [DEBUG   ] --- compute solution for different disposition of 3 resources (mru.computevalue:109)
[2017-12-26 10:44:41.500] [DEBUG   ] --- compute solution with 4 resources (mru.computevalue:97)
[2017-12-26 10:44:42.642] [DEBUG   ] --- compute solution for different disposition of 4 resources (mru.computevalue:109)
[2017-12-26 10:44:52.311] [DEBUG   ] --- saved results in /home/multidefender/mru_securitygame/mru/../file/results/res_graphs_20_ntgts/res_instance_ntgts_20_den_10_dead_4_graphix_3_ix_0.pickle (mru.iomanager:121)
[2017-12-26 10:44:52.312] [DEBUG   ] --- END computation for graph 20 4 0.10 3 (__main__:73)
[2017-12-26 10:44:53.298] [DEBUG   ] --- START computation for graph 20 4 0.10 8 (__main__:63)
[2017-12-26 10:44:53.298] [DEBUG   ] --- start compute_values function (mru.computevalue:44)
[2017-12-26 10:44:53.299] [DEBUG   ] --- compute shortest sets (mru.computevalue:56)
[2017-12-26 10:44:53.308] [DEBUG   ] --- compute covering routes (mru.computevalue:60)
[2017-12-26 10:45:07.988] [DEBUG   ] --- compute solution with maximum resources (mru.computevalue:66)
[2017-12-26 10:45:08.356] [DEBUG   ] --- compute solution with minimum resources (mru.computevalue:73)
[2017-12-26 10:45:09.681] [DEBUG   ] --- compute solution for different dispositions of minimum resources (mru.computevalue:86)
[2017-12-26 10:45:20.986] [DEBUG   ] --- compute solution with 3 resources (mru.computevalue:97)
[2017-12-26 10:45:24.550] [DEBUG   ] --- compute solution for different disposition of 3 resources (mru.computevalue:109)
[2017-12-26 10:45:42.544] [DEBUG   ] --- compute solution with 4 resources (mru.computevalue:97)
[2017-12-26 10:45:45.421] [DEBUG   ] --- compute solution for different disposition of 4 resources (mru.computevalue:109)
[2017-12-26 10:46:05.650] [DEBUG   ] --- saved results in /home/multidefender/mru_securitygame/mru/../file/results/res_graphs_20_ntgts/res_instance_ntgts_20_den_10_dead_4_graphix_8_ix_0.pickle (mru.iomanager:121)
[2017-12-26 10:46:05.650] [DEBUG   ] --- END computation for graph 20 4 0.10 8 (__main__:73)
[2017-12-26 10:46:06.581] [DEBUG   ] --- START computation for graph 20 5 0.10 3 (__main__:63)
[2017-12-26 10:46:06.581] [DEBUG   ] --- start compute_values function (mru.computevalue:44)
[2017-12-26 10:46:06.582] [DEBUG   ] --- compute shortest sets (mru.computevalue:56)
[2017-12-26 10:46:06.597] [DEBUG   ] --- compute covering routes (mru.computevalue:60)
[2017-12-26 10:46:36.835] [DEBUG   ] --- compute solution with maximum resources (mru.computevalue:66)
[2017-12-26 10:46:37.327] [DEBUG   ] --- compute solution with minimum resources (mru.computevalue:73)
[2017-12-26 10:46:39.909] [DEBUG   ] --- compute solution for different dispositions of minimum resources (mru.computevalue:86)
[2017-12-26 10:46:51.279] [DEBUG   ] --- compute solution with 3 resources (mru.computevalue:97)
[2017-12-26 10:46:52.985] [DEBUG   ] --- compute solution for different disposition of 3 resources (mru.computevalue:109)
