[2018-01-26 15:11:22.507] [DEBUG   ] --- START computation for graph 50 5 0.6 1 (__main__:77)
[2018-01-26 15:11:22.507] [DEBUG   ] --- start compute_values function (mru.computevalue:135)
[2018-01-26 15:11:22.508] [DEBUG   ] --- compute shortest sets (mru.computevalue:144)
[2018-01-26 15:11:22.527] [DEBUG   ] --- compute covering routes (mru.computevalue:148)
[2018-01-26 21:25:39.583] [DEBUG   ] --- compute solution with maximum resources (mru.computevalue:154)
[2018-01-26 21:26:24.784] [DEBUG   ] --- compute solution with minimum resources (mru.computevalue:166)
[2018-01-26 21:26:43.658] [DEBUG   ] --- compute solution for different dispositions of1 resources (mru.computevalue:51)
[2018-01-26 21:31:35.288] [DEBUG   ] --- compute solution with 2 resources (mru.computevalue:185)
[2018-01-26 21:34:09.920] [DEBUG   ] --- compute solution for different dispositions of2 resources (mru.computevalue:51)
[2018-01-26 21:44:49.749] [DEBUG   ] --- compute solution with 3 resources (mru.computevalue:185)
[2018-01-26 21:49:22.356] [DEBUG   ] --- compute solution for different dispositions of3 resources (mru.computevalue:51)
[2018-01-26 22:07:14.295] [DEBUG   ] --- compute solution with 4 resources (mru.computevalue:185)
[2018-01-26 22:18:17.670] [DEBUG   ] --- compute solution for different dispositions of4 resources (mru.computevalue:51)
[2018-01-26 22:44:11.460] [DEBUG   ] --- compute solution with 5 resources (mru.computevalue:185)
[2018-01-26 23:02:30.857] [DEBUG   ] --- compute solution for different dispositions of5 resources (mru.computevalue:51)
[2018-01-26 23:44:18.987] [DEBUG   ] --- compute solution with 6 resources (mru.computevalue:185)
[2018-01-27 00:08:20.629] [DEBUG   ] --- compute solution for different dispositions of6 resources (mru.computevalue:51)
[2018-01-27 01:28:21.687] [DEBUG   ] --- compute solution with 7 resources (mru.computevalue:185)
[2018-01-27 02:00:22.424] [DEBUG   ] --- compute solution for different dispositions of7 resources (mru.computevalue:51)
[2018-01-27 03:21:13.357] [DEBUG   ] --- compute solution with 8 resources (mru.computevalue:185)
[2018-01-27 04:12:23. 32] [DEBUG   ] --- compute solution for different dispositions of8 resources (mru.computevalue:51)
[2018-01-27 05:55:29. 69] [DEBUG   ] --- saved results in /home/multidefender/mru_securitygame/mru/../file/results/res_graphs_50_ntgts/res_instance_ntgts_50_den_06_dead_5_graphix_1_ix_0.pickle (mru.iomanager:121)
[2018-01-27 05:55:29. 69] [DEBUG   ] --- END computation for graph 50 5 0.6 1 (__main__:87)
[2018-01-27 05:55:29. 74] [DEBUG   ] --- START computation for graph 30 10 0.10 6 (__main__:77)
[2018-01-27 05:55:29. 74] [DEBUG   ] --- start compute_values function (mru.computevalue:135)
[2018-01-27 05:55:29. 75] [DEBUG   ] --- compute shortest sets (mru.computevalue:144)
[2018-01-27 05:55:29. 90] [DEBUG   ] --- compute covering routes (mru.computevalue:148)
