[2018-01-26 15:11:22.349] [DEBUG   ] --- START computation for graph 45 5 0.6 1 (__main__:77)
[2018-01-26 15:11:22.349] [DEBUG   ] --- start compute_values function (mru.computevalue:135)
[2018-01-26 15:11:22.350] [DEBUG   ] --- compute shortest sets (mru.computevalue:144)
[2018-01-26 15:11:22.377] [DEBUG   ] --- compute covering routes (mru.computevalue:148)
[2018-01-26 16:05:40.304] [DEBUG   ] --- compute solution with maximum resources (mru.computevalue:154)
[2018-01-26 16:05:54.751] [DEBUG   ] --- compute solution with minimum resources (mru.computevalue:166)
[2018-01-26 16:06:14.504] [DEBUG   ] --- compute solution for different dispositions of2 resources (mru.computevalue:51)
[2018-01-26 16:14:01.723] [DEBUG   ] --- compute solution with 3 resources (mru.computevalue:185)
[2018-01-26 16:14:40.171] [DEBUG   ] --- compute solution for different dispositions of3 resources (mru.computevalue:51)
[2018-01-26 16:23:49. 58] [DEBUG   ] --- compute solution with 4 resources (mru.computevalue:185)
[2018-01-26 16:24:22.292] [DEBUG   ] --- compute solution for different dispositions of4 resources (mru.computevalue:51)
[2018-01-26 16:38:30.437] [DEBUG   ] --- compute solution with 5 resources (mru.computevalue:185)
[2018-01-26 16:40:52.214] [DEBUG   ] --- compute solution for different dispositions of5 resources (mru.computevalue:51)
[2018-01-26 16:59:03. 92] [DEBUG   ] --- compute solution with 6 resources (mru.computevalue:185)
[2018-01-26 17:06:14.193] [DEBUG   ] --- compute solution for different dispositions of6 resources (mru.computevalue:51)
[2018-01-26 17:30:04.342] [DEBUG   ] --- compute solution with 7 resources (mru.computevalue:185)
[2018-01-26 17:39:25.259] [DEBUG   ] --- compute solution for different dispositions of7 resources (mru.computevalue:51)
[2018-01-26 18:14:43.323] [DEBUG   ] --- compute solution with 8 resources (mru.computevalue:185)
[2018-01-26 18:22:35.119] [DEBUG   ] --- compute solution for different dispositions of8 resources (mru.computevalue:51)
[2018-01-26 19:01:26.131] [DEBUG   ] --- saved results in /home/multidefender/mru_securitygame/mru/../file/results/res_graphs_45_ntgts/res_instance_ntgts_45_den_06_dead_5_graphix_1_ix_0.pickle (mru.iomanager:121)
[2018-01-26 19:01:26.132] [DEBUG   ] --- END computation for graph 45 5 0.6 1 (__main__:87)
[2018-01-26 19:01:26.137] [DEBUG   ] --- START computation for graph 30 10 0.10 2 (__main__:77)
[2018-01-26 19:01:26.137] [DEBUG   ] --- start compute_values function (mru.computevalue:135)
[2018-01-26 19:01:26.138] [DEBUG   ] --- compute shortest sets (mru.computevalue:144)
[2018-01-26 19:01:26.154] [DEBUG   ] --- compute covering routes (mru.computevalue:148)
