[2018-01-25 16:26:57.758] [DEBUG   ] --- START computation for graph 40 5 0.6 1 (__main__:77)
[2018-01-25 16:26:57.758] [DEBUG   ] --- start compute_values function (mru.computevalue:116)
[2018-01-25 16:26:57.758] [DEBUG   ] --- compute shortest sets (mru.computevalue:125)
[2018-01-25 16:26:57.773] [DEBUG   ] --- compute covering routes (mru.computevalue:129)
[2018-01-25 16:37:06. 64] [DEBUG   ] --- compute solution with maximum resources (mru.computevalue:135)
[2018-01-25 16:37:09.145] [DEBUG   ] --- compute solution with minimum resources (mru.computevalue:147)
[2018-01-25 16:37:16.287] [DEBUG   ] --- compute solution for different dispositions of2 resources (mru.computevalue:50)
[2018-01-25 16:39:03.387] [DEBUG   ] --- compute solution with 3 resources (mru.computevalue:166)
[2018-01-25 16:39:12.847] [DEBUG   ] --- compute solution for different dispositions of3 resources (mru.computevalue:50)
[2018-01-25 16:40:47.932] [DEBUG   ] --- compute solution with 4 resources (mru.computevalue:166)
[2018-01-25 16:40:53. 73] [DEBUG   ] --- compute solution for different dispositions of4 resources (mru.computevalue:50)
[2018-01-25 16:41:50. 27] [DEBUG   ] --- compute solution with 5 resources (mru.computevalue:166)
[2018-01-25 16:41:56.377] [DEBUG   ] --- compute solution for different dispositions of5 resources (mru.computevalue:50)
[2018-01-25 16:42:50.251] [DEBUG   ] --- compute solution with 6 resources (mru.computevalue:166)
[2018-01-25 16:43:12. 30] [DEBUG   ] --- compute solution for different dispositions of6 resources (mru.computevalue:50)
[2018-01-25 16:44:37.714] [DEBUG   ] --- compute solution with 7 resources (mru.computevalue:166)
[2018-01-25 16:45:00.895] [DEBUG   ] --- compute solution for different dispositions of7 resources (mru.computevalue:50)
[2018-01-25 16:46:27.118] [DEBUG   ] --- saved results in /home/multidefender/mru_securitygame/mru/../file/results/res_graphs_40_ntgts/res_instance_ntgts_40_den_06_dead_5_graphix_1_ix_0.pickle (mru.iomanager:121)
[2018-01-25 16:46:27.118] [DEBUG   ] --- END computation for graph 40 5 0.6 1 (__main__:87)
[2018-01-25 16:46:27.120] [DEBUG   ] --- START computation for graph 30 10 0.10 0 (__main__:77)
[2018-01-25 16:46:27.120] [DEBUG   ] --- start compute_values function (mru.computevalue:116)
[2018-01-25 16:46:27.121] [DEBUG   ] --- compute shortest sets (mru.computevalue:125)
[2018-01-25 16:46:27.129] [DEBUG   ] --- compute covering routes (mru.computevalue:129)
