[2017-12-26 11:00:03.743] [DEBUG   ] --- START computation for graph 20 4 0.25 0 (__main__:63)
[2017-12-26 11:00:03.743] [DEBUG   ] --- start compute_values function (mru.computevalue:44)
[2017-12-26 11:00:03.744] [DEBUG   ] --- compute shortest sets (mru.computevalue:56)
[2017-12-26 11:00:03.751] [DEBUG   ] --- compute covering routes (mru.computevalue:60)
[2017-12-26 12:23:18.384] [DEBUG   ] --- compute solution with maximum resources (mru.computevalue:66)
[2017-12-26 12:23:26.171] [DEBUG   ] --- compute solution with minimum resources (mru.computevalue:73)
[2017-12-26 12:23:29.949] [DEBUG   ] --- compute solution for different dispositions of minimum resources (mru.computevalue:86)
[2017-12-26 12:25:05.261] [DEBUG   ] --- compute solution with 2 resources (mru.computevalue:97)
[2017-12-26 12:25:31.750] [DEBUG   ] --- compute solution for different disposition of 2 resources (mru.computevalue:109)
[2017-12-26 12:31:33.970] [DEBUG   ] --- compute solution with 3 resources (mru.computevalue:97)
[2017-12-26 12:33:13.698] [DEBUG   ] --- compute solution for different disposition of 3 resources (mru.computevalue:109)
[2017-12-26 12:48:47.606] [DEBUG   ] --- saved results in /home/multidefender/mru_securitygame/mru/../file/results/res_graphs_20_ntgts/res_instance_ntgts_20_den_25_dead_4_graphix_0_ix_0.pickle (mru.iomanager:121)
[2017-12-26 12:48:47.606] [DEBUG   ] --- END computation for graph 20 4 0.25 0 (__main__:73)
[2017-12-26 12:48:48.473] [DEBUG   ] --- START computation for graph 20 5 0.25 0 (__main__:63)
[2017-12-26 12:48:48.474] [DEBUG   ] --- start compute_values function (mru.computevalue:44)
[2017-12-26 12:48:48.474] [DEBUG   ] --- compute shortest sets (mru.computevalue:56)
[2017-12-26 12:48:48.482] [DEBUG   ] --- compute covering routes (mru.computevalue:60)
[2017-12-27 02:27:45.546] [DEBUG   ] --- compute solution with maximum resources (mru.computevalue:66)
[2017-12-27 02:28:05.153] [DEBUG   ] --- compute solution with minimum resources (mru.computevalue:73)
[2017-12-27 02:28:46.887] [DEBUG   ] --- compute solution for different dispositions of minimum resources (mru.computevalue:86)
[2017-12-27 02:34:33.866] [DEBUG   ] --- compute solution with 2 resources (mru.computevalue:97)
[2017-12-27 02:37:06.639] [DEBUG   ] --- compute solution for different disposition of 2 resources (mru.computevalue:109)
[2017-12-27 03:01:26.148] [DEBUG   ] --- compute solution with 3 resources (mru.computevalue:97)
[2017-12-27 03:09:07.163] [DEBUG   ] --- compute solution for different disposition of 3 resources (mru.computevalue:109)
[2017-12-27 04:42:45.716] [DEBUG   ] --- saved results in /home/multidefender/mru_securitygame/mru/../file/results/res_graphs_20_ntgts/res_instance_ntgts_20_den_25_dead_5_graphix_0_ix_0.pickle (mru.iomanager:121)
[2017-12-27 04:42:45.717] [DEBUG   ] --- END computation for graph 20 5 0.25 0 (__main__:73)
[2017-12-27 04:42:46.558] [DEBUG   ] --- START computation for graph 20 10 0.25 0 (__main__:63)
[2017-12-27 04:42:46.558] [DEBUG   ] --- start compute_values function (mru.computevalue:44)
[2017-12-27 04:42:46.559] [DEBUG   ] --- compute shortest sets (mru.computevalue:56)
[2017-12-27 04:42:46.567] [DEBUG   ] --- compute covering routes (mru.computevalue:60)
