[2017-12-26 10:44:26.653] [DEBUG   ] --- START computation for graph 20 4 0.10 0 (__main__:63)
[2017-12-26 10:44:26.653] [DEBUG   ] --- start compute_values function (mru.computevalue:44)
[2017-12-26 10:44:26.654] [DEBUG   ] --- compute shortest sets (mru.computevalue:56)
[2017-12-26 10:44:26.667] [DEBUG   ] --- compute covering routes (mru.computevalue:60)
[2017-12-26 10:44:35.151] [DEBUG   ] --- compute solution with maximum resources (mru.computevalue:66)
[2017-12-26 10:44:35.441] [DEBUG   ] --- compute solution with minimum resources (mru.computevalue:73)
[2017-12-26 10:44:36.329] [DEBUG   ] --- compute solution for different dispositions of minimum resources (mru.computevalue:86)
[2017-12-26 10:44:42.411] [DEBUG   ] --- compute solution with 3 resources (mru.computevalue:97)
[2017-12-26 10:44:43. 78] [DEBUG   ] --- compute solution for different disposition of 3 resources (mru.computevalue:109)
[2017-12-26 10:44:50.277] [DEBUG   ] --- compute solution with 4 resources (mru.computevalue:97)
[2017-12-26 10:44:50.999] [DEBUG   ] --- compute solution for different disposition of 4 resources (mru.computevalue:109)
[2017-12-26 10:44:59.641] [DEBUG   ] --- saved results in /home/multidefender/mru_securitygame/mru/../file/results/res_graphs_20_ntgts/res_instance_ntgts_20_den_10_dead_4_graphix_0_ix_0.pickle (mru.iomanager:121)
[2017-12-26 10:44:59.641] [DEBUG   ] --- END computation for graph 20 4 0.10 0 (__main__:73)
[2017-12-26 10:45:00.692] [DEBUG   ] --- START computation for graph 20 4 0.10 5 (__main__:63)
[2017-12-26 10:45:00.692] [DEBUG   ] --- start compute_values function (mru.computevalue:44)
[2017-12-26 10:45:00.693] [DEBUG   ] --- compute shortest sets (mru.computevalue:56)
[2017-12-26 10:45:00.700] [DEBUG   ] --- compute covering routes (mru.computevalue:60)
[2017-12-26 10:45:09.636] [DEBUG   ] --- compute solution with maximum resources (mru.computevalue:66)
[2017-12-26 10:45:09.931] [DEBUG   ] --- compute solution with minimum resources (mru.computevalue:73)
[2017-12-26 10:45:11.495] [DEBUG   ] --- compute solution for different dispositions of minimum resources (mru.computevalue:86)
[2017-12-26 10:45:20.373] [DEBUG   ] --- compute solution with 3 resources (mru.computevalue:97)
[2017-12-26 10:45:25.571] [DEBUG   ] --- compute solution for different disposition of 3 resources (mru.computevalue:109)
[2017-12-26 10:45:31.324] [DEBUG   ] --- compute solution with 4 resources (mru.computevalue:97)
[2017-12-26 10:45:35.476] [DEBUG   ] --- compute solution for different disposition of 4 resources (mru.computevalue:109)
[2017-12-26 10:45:49.493] [DEBUG   ] --- compute solution with 5 resources (mru.computevalue:97)
[2017-12-26 10:45:57.387] [DEBUG   ] --- compute solution for different disposition of 5 resources (mru.computevalue:109)
[2017-12-26 10:46:12.895] [DEBUG   ] --- saved results in /home/multidefender/mru_securitygame/mru/../file/results/res_graphs_20_ntgts/res_instance_ntgts_20_den_10_dead_4_graphix_5_ix_0.pickle (mru.iomanager:121)
[2017-12-26 10:46:12.895] [DEBUG   ] --- END computation for graph 20 4 0.10 5 (__main__:73)
[2017-12-26 10:46:13.820] [DEBUG   ] --- START computation for graph 20 5 0.10 0 (__main__:63)
[2017-12-26 10:46:13.841] [DEBUG   ] --- start compute_values function (mru.computevalue:44)
[2017-12-26 10:46:13.841] [DEBUG   ] --- compute shortest sets (mru.computevalue:56)
[2017-12-26 10:46:13.893] [DEBUG   ] --- compute covering routes (mru.computevalue:60)
[2017-12-26 10:46:31.938] [DEBUG   ] --- compute solution with maximum resources (mru.computevalue:66)
[2017-12-26 10:46:32.292] [DEBUG   ] --- compute solution with minimum resources (mru.computevalue:73)
[2017-12-26 10:46:34.233] [DEBUG   ] --- compute solution for different dispositions of minimum resources (mru.computevalue:86)
[2017-12-26 10:46:40.454] [DEBUG   ] --- compute solution with 3 resources (mru.computevalue:97)
[2017-12-26 10:46:43.308] [DEBUG   ] --- compute solution for different disposition of 3 resources (mru.computevalue:109)
[2017-12-26 10:46:49.146] [DEBUG   ] --- saved results in /home/multidefender/mru_securitygame/mru/../file/results/res_graphs_20_ntgts/res_instance_ntgts_20_den_10_dead_5_graphix_0_ix_0.pickle (mru.iomanager:121)
[2017-12-26 10:46:49.146] [DEBUG   ] --- END computation for graph 20 5 0.10 0 (__main__:73)
[2017-12-26 10:46:50.373] [DEBUG   ] --- START computation for graph 20 5 0.10 5 (__main__:63)
[2017-12-26 10:46:50.374] [DEBUG   ] --- start compute_values function (mru.computevalue:44)
[2017-12-26 10:46:50.374] [DEBUG   ] --- compute shortest sets (mru.computevalue:56)
[2017-12-26 10:46:50.383] [DEBUG   ] --- compute covering routes (mru.computevalue:60)
