[2017-12-22 16:34:12.305] [DEBUG   ] --- START computation for graph 20 4 5 (__main__:57)
[2017-12-22 16:34:12.305] [DEBUG   ] --- start compute_values function (mru.computevalue:44)
[2017-12-22 16:34:12.306] [DEBUG   ] --- compute shortest sets (mru.computevalue:56)
[2017-12-22 16:34:12.310] [DEBUG   ] --- compute covering routes (mru.computevalue:60)
[2017-12-22 17:07:41.842] [DEBUG   ] --- compute solution with maximum resources (mru.computevalue:66)
[2017-12-22 17:07:46.205] [DEBUG   ] --- compute solution with minimum resources (mru.computevalue:73)
[2017-12-22 17:07:59.142] [DEBUG   ] --- compute solution for different dispositions of minimum resources (mru.computevalue:86)
[2017-12-22 17:09:02.478] [DEBUG   ] --- compute solution with 2 resources (mru.computevalue:97)
[2017-12-22 17:09:22. 34] [DEBUG   ] --- compute solution for different disposition of 2 resources (mru.computevalue:109)
[2017-12-22 17:13:31.838] [DEBUG   ] --- compute solution with 3 resources (mru.computevalue:97)
[2017-12-22 17:14:42.936] [DEBUG   ] --- compute solution for different disposition of 3 resources (mru.computevalue:109)
[2017-12-22 17:28:38. 88] [DEBUG   ] --- saved results in /home/multidefender/mru_securitygame/mru/../file/results/res_graphs_20_ntgts/res_instance_ntgts_20_den_25_dead_4_graphix_5_ix_0.pickle (mru.iomanager:121)
[2017-12-22 17:28:38. 89] [DEBUG   ] --- END computation for graph 20 4 5 (__main__:64)
[2017-12-22 17:28:38.844] [DEBUG   ] --- START computation for graph 20 10 1 (__main__:57)
[2017-12-22 17:28:38.844] [DEBUG   ] --- start compute_values function (mru.computevalue:44)
[2017-12-22 17:28:38.845] [DEBUG   ] --- compute shortest sets (mru.computevalue:56)
[2017-12-22 17:28:38.852] [DEBUG   ] --- compute covering routes (mru.computevalue:60)
[2017-12-23 03:28:38.845] [ERROR   ] --- Timed out (mru.computevalue:137)
Traceback (most recent call last):
  File "/home/multidefender/mru_securitygame/mru/computevalue.py", line 62, in compute_values
    csr = compute_covering_routes(graph, tgts, rm_dominated=rm_dominated)
  File "/home/multidefender/mru_securitygame/mru/computevalue.py", line 215, in compute_covering_routes
    covset = cs.computeCovSet(graph_game, ver, targets)
  File "/home/multidefender/mru_securitygame/mru/srg/computecovsets.py", line 73, in computeCovSet
    C = purgeDominatedStrategies(C, i+1);
  File "/home/multidefender/mru_securitygame/mru/srg/computecovsets.py", line 98, in purgeDominatedStrategies
    condition3 =  m not in deleted and n not in deleted;
  File "/home/multidefender/mru_securitygame/mru/patrolling/correlated/correlated_row_gen.py", line 29, in signal_handler
    raise TimeoutException, "Timed out"
TimeoutException: Timed out
[2017-12-23 03:28:38.884] [DEBUG   ] --- saved results in /home/multidefender/mru_securitygame/mru/../file/results/res_graphs_20_ntgts/res_instance_ntgts_20_den_25_dead_10_graphix_1_ix_0.pickle (mru.iomanager:121)
[2017-12-23 03:28:38.885] [DEBUG   ] --- END computation for graph 20 10 1 (__main__:64)
[2017-12-23 03:28:39.770] [DEBUG   ] --- START computation for graph 20 15 7 (__main__:57)
[2017-12-23 03:28:39.770] [DEBUG   ] --- start compute_values function (mru.computevalue:44)
[2017-12-23 03:28:39.771] [DEBUG   ] --- compute shortest sets (mru.computevalue:56)
[2017-12-23 03:28:39.779] [DEBUG   ] --- compute covering routes (mru.computevalue:60)
[2017-12-23 13:28:39.771] [ERROR   ] --- Timed out (mru.computevalue:137)
Traceback (most recent call last):
  File "/home/multidefender/mru_securitygame/mru/computevalue.py", line 62, in compute_values
    csr = compute_covering_routes(graph, tgts, rm_dominated=rm_dominated)
  File "/home/multidefender/mru_securitygame/mru/computevalue.py", line 215, in compute_covering_routes
    covset = cs.computeCovSet(graph_game, ver, targets)
  File "/home/multidefender/mru_securitygame/mru/srg/computecovsets.py", line 73, in computeCovSet
    C = purgeDominatedStrategies(C, i+1);
  File "/home/multidefender/mru_securitygame/mru/srg/computecovsets.py", line 98, in purgeDominatedStrategies
    condition3 =  m not in deleted and n not in deleted;
  File "/home/multidefender/mru_securitygame/mru/patrolling/correlated/correlated_row_gen.py", line 29, in signal_handler
    raise TimeoutException, "Timed out"
TimeoutException: Timed out
[2017-12-23 13:28:39.790] [DEBUG   ] --- saved results in /home/multidefender/mru_securitygame/mru/../file/results/res_graphs_20_ntgts/res_instance_ntgts_20_den_25_dead_15_graphix_7_ix_0.pickle (mru.iomanager:121)
[2017-12-23 13:28:39.791] [DEBUG   ] --- END computation for graph 20 15 7 (__main__:64)
[2017-12-23 13:28:40.405] [DEBUG   ] --- START computation for graph 25 5 3 (__main__:57)
[2017-12-23 13:28:40.405] [DEBUG   ] --- start compute_values function (mru.computevalue:44)
[2017-12-23 13:28:40.406] [DEBUG   ] --- compute shortest sets (mru.computevalue:56)
[2017-12-23 13:28:40.416] [DEBUG   ] --- compute covering routes (mru.computevalue:60)
[2017-12-23 23:28:40.407] [ERROR   ] --- Timed out (mru.computevalue:137)
Traceback (most recent call last):
  File "/home/multidefender/mru_securitygame/mru/computevalue.py", line 62, in compute_values
    csr = compute_covering_routes(graph, tgts, rm_dominated=rm_dominated)
  File "/home/multidefender/mru_securitygame/mru/computevalue.py", line 215, in compute_covering_routes
    covset = cs.computeCovSet(graph_game, ver, targets)
  File "/home/multidefender/mru_securitygame/mru/srg/computecovsets.py", line 73, in computeCovSet
    C = purgeDominatedStrategies(C, i+1);
  File "/home/multidefender/mru_securitygame/mru/srg/computecovsets.py", line 98, in purgeDominatedStrategies
    condition3 =  m not in deleted and n not in deleted;
  File "/home/multidefender/mru_securitygame/mru/patrolling/correlated/correlated_row_gen.py", line 29, in signal_handler
    raise TimeoutException, "Timed out"
TimeoutException: Timed out
[2017-12-23 23:28:40.417] [DEBUG   ] --- saved results in /home/multidefender/mru_securitygame/mru/../file/results/res_graphs_25_ntgts/res_instance_ntgts_25_den_25_dead_5_graphix_3_ix_0.pickle (mru.iomanager:121)
[2017-12-23 23:28:40.417] [DEBUG   ] --- END computation for graph 25 5 3 (__main__:64)
[2017-12-23 23:28:40.955] [DEBUG   ] --- START computation for graph 25 10 9 (__main__:57)
[2017-12-23 23:28:40.955] [DEBUG   ] --- start compute_values function (mru.computevalue:44)
[2017-12-23 23:28:40.955] [DEBUG   ] --- compute shortest sets (mru.computevalue:56)
[2017-12-23 23:28:40.967] [DEBUG   ] --- compute covering routes (mru.computevalue:60)
[2017-12-24 09:28:40.956] [ERROR   ] --- Timed out (mru.computevalue:137)
Traceback (most recent call last):
  File "/home/multidefender/mru_securitygame/mru/computevalue.py", line 62, in compute_values
    csr = compute_covering_routes(graph, tgts, rm_dominated=rm_dominated)
  File "/home/multidefender/mru_securitygame/mru/computevalue.py", line 215, in compute_covering_routes
    covset = cs.computeCovSet(graph_game, ver, targets)
  File "/home/multidefender/mru_securitygame/mru/srg/computecovsets.py", line 73, in computeCovSet
    C = purgeDominatedStrategies(C, i+1);
  File "/home/multidefender/mru_securitygame/mru/srg/computecovsets.py", line 98, in purgeDominatedStrategies
    condition3 =  m not in deleted and n not in deleted;
  File "/home/multidefender/mru_securitygame/mru/patrolling/correlated/correlated_row_gen.py", line 29, in signal_handler
    raise TimeoutException, "Timed out"
TimeoutException: Timed out
[2017-12-24 09:28:40.996] [DEBUG   ] --- saved results in /home/multidefender/mru_securitygame/mru/../file/results/res_graphs_25_ntgts/res_instance_ntgts_25_den_25_dead_10_graphix_9_ix_0.pickle (mru.iomanager:121)
[2017-12-24 09:28:40.997] [DEBUG   ] --- END computation for graph 25 10 9 (__main__:64)
[2017-12-24 09:28:41.590] [DEBUG   ] --- START computation for graph 30 10 5 (__main__:57)
[2017-12-24 09:28:41.590] [DEBUG   ] --- start compute_values function (mru.computevalue:44)
[2017-12-24 09:28:41.591] [DEBUG   ] --- compute shortest sets (mru.computevalue:56)
[2017-12-24 09:28:41.605] [DEBUG   ] --- compute covering routes (mru.computevalue:60)
