[2017-12-26 11:00:03.933] [DEBUG   ] --- START computation for graph 20 4 0.25 4 (__main__:63)
[2017-12-26 11:00:03.934] [DEBUG   ] --- start compute_values function (mru.computevalue:44)
[2017-12-26 11:00:03.934] [DEBUG   ] --- compute shortest sets (mru.computevalue:56)
[2017-12-26 11:00:03.957] [DEBUG   ] --- compute covering routes (mru.computevalue:60)
[2017-12-26 12:01:20.234] [DEBUG   ] --- compute solution with maximum resources (mru.computevalue:66)
[2017-12-26 12:01:28.730] [DEBUG   ] --- compute solution with minimum resources (mru.computevalue:73)
[2017-12-26 12:01:42.952] [DEBUG   ] --- compute solution for different dispositions of minimum resources (mru.computevalue:86)
[2017-12-26 12:02:40.244] [DEBUG   ] --- compute solution with 2 resources (mru.computevalue:97)
[2017-12-26 12:03:14.594] [DEBUG   ] --- compute solution for different disposition of 2 resources (mru.computevalue:109)
[2017-12-26 12:08:09.600] [DEBUG   ] --- compute solution with 3 resources (mru.computevalue:97)
[2017-12-26 12:09:43.265] [DEBUG   ] --- compute solution for different disposition of 3 resources (mru.computevalue:109)
[2017-12-26 12:23:10.738] [DEBUG   ] --- saved results in /home/multidefender/mru_securitygame/mru/../file/results/res_graphs_20_ntgts/res_instance_ntgts_20_den_25_dead_4_graphix_4_ix_0.pickle (mru.iomanager:121)
[2017-12-26 12:23:10.739] [DEBUG   ] --- END computation for graph 20 4 0.25 4 (__main__:73)
[2017-12-26 12:23:11.755] [DEBUG   ] --- START computation for graph 20 5 0.25 4 (__main__:63)
[2017-12-26 12:23:11.756] [DEBUG   ] --- start compute_values function (mru.computevalue:44)
[2017-12-26 12:23:11.756] [DEBUG   ] --- compute shortest sets (mru.computevalue:56)
[2017-12-26 12:23:11.771] [DEBUG   ] --- compute covering routes (mru.computevalue:60)
[2017-12-27 02:38:28.406] [DEBUG   ] --- compute solution with maximum resources (mru.computevalue:66)
[2017-12-27 02:38:53.599] [DEBUG   ] --- compute solution with minimum resources (mru.computevalue:73)
[2017-12-27 02:39:30.968] [DEBUG   ] --- compute solution for different dispositions of minimum resources (mru.computevalue:86)
[2017-12-27 02:45:57.273] [DEBUG   ] --- compute solution with 2 resources (mru.computevalue:97)
[2017-12-27 02:48:44.808] [DEBUG   ] --- compute solution for different disposition of 2 resources (mru.computevalue:109)
[2017-12-27 03:05:24.678] [DEBUG   ] --- compute solution with 3 resources (mru.computevalue:97)
[2017-12-27 03:11:03.666] [DEBUG   ] --- compute solution for different disposition of 3 resources (mru.computevalue:109)
[2017-12-27 04:06:23. 96] [DEBUG   ] --- saved results in /home/multidefender/mru_securitygame/mru/../file/results/res_graphs_20_ntgts/res_instance_ntgts_20_den_25_dead_5_graphix_4_ix_0.pickle (mru.iomanager:121)
[2017-12-27 04:06:23. 97] [DEBUG   ] --- END computation for graph 20 5 0.25 4 (__main__:73)
[2017-12-27 04:06:24. 21] [DEBUG   ] --- START computation for graph 20 10 0.25 4 (__main__:63)
[2017-12-27 04:06:24. 21] [DEBUG   ] --- start compute_values function (mru.computevalue:44)
[2017-12-27 04:06:24. 21] [DEBUG   ] --- compute shortest sets (mru.computevalue:56)
[2017-12-27 04:06:24. 28] [DEBUG   ] --- compute covering routes (mru.computevalue:60)
