[2018-01-26 15:11:22.290] [DEBUG   ] --- START computation for graph 40 5 0.6 1 (__main__:77)
[2018-01-26 15:11:22.290] [DEBUG   ] --- start compute_values function (mru.computevalue:135)
[2018-01-26 15:11:22.291] [DEBUG   ] --- compute shortest sets (mru.computevalue:144)
[2018-01-26 15:11:22.322] [DEBUG   ] --- compute covering routes (mru.computevalue:148)
[2018-01-26 15:22:30.322] [DEBUG   ] --- compute solution with maximum resources (mru.computevalue:154)
[2018-01-26 15:22:35.686] [DEBUG   ] --- compute solution with minimum resources (mru.computevalue:166)
[2018-01-26 15:22:45.919] [DEBUG   ] --- compute solution for different dispositions of2 resources (mru.computevalue:51)
[2018-01-26 15:25:19.838] [DEBUG   ] --- compute solution with 3 resources (mru.computevalue:185)
[2018-01-26 15:25:33.263] [DEBUG   ] --- compute solution for different dispositions of3 resources (mru.computevalue:51)
[2018-01-26 15:27:56.308] [DEBUG   ] --- compute solution with 4 resources (mru.computevalue:185)
[2018-01-26 15:28:05.681] [DEBUG   ] --- compute solution for different dispositions of4 resources (mru.computevalue:51)
[2018-01-26 15:29:29.842] [DEBUG   ] --- compute solution with 5 resources (mru.computevalue:185)
[2018-01-26 15:29:39.858] [DEBUG   ] --- compute solution for different dispositions of5 resources (mru.computevalue:51)
[2018-01-26 15:30:59.110] [DEBUG   ] --- compute solution with 6 resources (mru.computevalue:185)
[2018-01-26 15:31:36.102] [DEBUG   ] --- compute solution for different dispositions of6 resources (mru.computevalue:51)
[2018-01-26 15:33:50.703] [DEBUG   ] --- compute solution with 7 resources (mru.computevalue:185)
[2018-01-26 15:34:35.971] [DEBUG   ] --- compute solution for different dispositions of7 resources (mru.computevalue:51)
[2018-01-26 15:37:09.580] [DEBUG   ] --- saved results in /home/multidefender/mru_securitygame/mru/../file/results/res_graphs_40_ntgts/res_instance_ntgts_40_den_06_dead_5_graphix_1_ix_0.pickle (mru.iomanager:121)
[2018-01-26 15:37:09.581] [DEBUG   ] --- END computation for graph 40 5 0.6 1 (__main__:87)
[2018-01-26 15:37:09.585] [DEBUG   ] --- START computation for graph 30 10 0.10 0 (__main__:77)
[2018-01-26 15:37:09.585] [DEBUG   ] --- start compute_values function (mru.computevalue:135)
[2018-01-26 15:37:09.586] [DEBUG   ] --- compute shortest sets (mru.computevalue:144)
[2018-01-26 15:37:09.600] [DEBUG   ] --- compute covering routes (mru.computevalue:148)
