[2017-12-26 11:00:03.866] [DEBUG   ] --- START computation for graph 20 4 0.25 6 (__main__:63)
[2017-12-26 11:00:03.867] [DEBUG   ] --- start compute_values function (mru.computevalue:44)
[2017-12-26 11:00:03.867] [DEBUG   ] --- compute shortest sets (mru.computevalue:56)
[2017-12-26 11:00:03.876] [DEBUG   ] --- compute covering routes (mru.computevalue:60)
[2017-12-26 12:08:58.454] [DEBUG   ] --- compute solution with maximum resources (mru.computevalue:66)
[2017-12-26 12:09:06.928] [DEBUG   ] --- compute solution with minimum resources (mru.computevalue:73)
[2017-12-26 12:09:14.276] [DEBUG   ] --- compute solution for different dispositions of minimum resources (mru.computevalue:86)
[2017-12-26 12:10:57.447] [DEBUG   ] --- compute solution with 2 resources (mru.computevalue:97)
[2017-12-26 12:11:29.569] [DEBUG   ] --- compute solution for different disposition of 2 resources (mru.computevalue:109)
[2017-12-26 12:16:21.177] [DEBUG   ] --- compute solution with 3 resources (mru.computevalue:97)
[2017-12-26 12:17:40.293] [DEBUG   ] --- compute solution for different disposition of 3 resources (mru.computevalue:109)
[2017-12-26 12:30:34.266] [DEBUG   ] --- saved results in /home/multidefender/mru_securitygame/mru/../file/results/res_graphs_20_ntgts/res_instance_ntgts_20_den_25_dead_4_graphix_6_ix_0.pickle (mru.iomanager:121)
[2017-12-26 12:30:34.266] [DEBUG   ] --- END computation for graph 20 4 0.25 6 (__main__:73)
[2017-12-26 12:30:35. 49] [DEBUG   ] --- START computation for graph 20 5 0.25 6 (__main__:63)
[2017-12-26 12:30:35. 49] [DEBUG   ] --- start compute_values function (mru.computevalue:44)
[2017-12-26 12:30:35. 49] [DEBUG   ] --- compute shortest sets (mru.computevalue:56)
[2017-12-26 12:30:35. 57] [DEBUG   ] --- compute covering routes (mru.computevalue:60)
[2017-12-26 23:57:46.  2] [DEBUG   ] --- compute solution with maximum resources (mru.computevalue:66)
[2017-12-26 23:58:07.947] [DEBUG   ] --- compute solution with minimum resources (mru.computevalue:73)
[2017-12-26 23:58:24.347] [DEBUG   ] --- compute solution for different dispositions of minimum resources (mru.computevalue:86)
[2017-12-27 00:02:47.178] [DEBUG   ] --- compute solution with 2 resources (mru.computevalue:97)
[2017-12-27 00:05:32.193] [DEBUG   ] --- compute solution for different disposition of 2 resources (mru.computevalue:109)
[2017-12-27 00:20:30.400] [DEBUG   ] --- compute solution with 3 resources (mru.computevalue:97)
[2017-12-27 00:27:38.266] [DEBUG   ] --- compute solution for different disposition of 3 resources (mru.computevalue:109)
[2017-12-27 01:40:59.990] [DEBUG   ] --- saved results in /home/multidefender/mru_securitygame/mru/../file/results/res_graphs_20_ntgts/res_instance_ntgts_20_den_25_dead_5_graphix_6_ix_0.pickle (mru.iomanager:121)
[2017-12-27 01:40:59.990] [DEBUG   ] --- END computation for graph 20 5 0.25 6 (__main__:73)
[2017-12-27 01:41:00.941] [DEBUG   ] --- START computation for graph 20 10 0.25 6 (__main__:63)
[2017-12-27 01:41:00.941] [DEBUG   ] --- start compute_values function (mru.computevalue:44)
[2017-12-27 01:41:00.942] [DEBUG   ] --- compute shortest sets (mru.computevalue:56)
[2017-12-27 01:41:00.950] [DEBUG   ] --- compute covering routes (mru.computevalue:60)
