[2018-01-26 15:11:22.338] [DEBUG   ] --- START computation for graph 45 5 0.6 0 (__main__:77)
[2018-01-26 15:11:22.338] [DEBUG   ] --- start compute_values function (mru.computevalue:135)
[2018-01-26 15:11:22.339] [DEBUG   ] --- compute shortest sets (mru.computevalue:144)
[2018-01-26 15:11:22.368] [DEBUG   ] --- compute covering routes (mru.computevalue:148)
[2018-01-26 18:11:05.717] [DEBUG   ] --- compute solution with maximum resources (mru.computevalue:154)
[2018-01-26 18:11:31. 70] [DEBUG   ] --- compute solution with minimum resources (mru.computevalue:166)
[2018-01-26 18:12:00.493] [DEBUG   ] --- compute solution for different dispositions of1 resources (mru.computevalue:51)
[2018-01-26 18:13:18.402] [DEBUG   ] --- compute solution with 2 resources (mru.computevalue:185)
[2018-01-26 18:13:52.991] [DEBUG   ] --- compute solution for different dispositions of2 resources (mru.computevalue:51)
[2018-01-26 18:21:31.788] [DEBUG   ] --- compute solution with 3 resources (mru.computevalue:185)
[2018-01-26 18:22:12.938] [DEBUG   ] --- compute solution for different dispositions of3 resources (mru.computevalue:51)
[2018-01-26 18:31:31. 19] [DEBUG   ] --- compute solution with 4 resources (mru.computevalue:185)
[2018-01-26 18:32:46.994] [DEBUG   ] --- compute solution for different dispositions of4 resources (mru.computevalue:51)
[2018-01-26 18:49:17.918] [DEBUG   ] --- compute solution with 5 resources (mru.computevalue:185)
[2018-01-26 18:51:21.991] [DEBUG   ] --- compute solution for different dispositions of5 resources (mru.computevalue:51)
[2018-01-26 19:12:37. 64] [DEBUG   ] --- compute solution with 6 resources (mru.computevalue:185)
[2018-01-26 19:17:00. 65] [DEBUG   ] --- compute solution for different dispositions of6 resources (mru.computevalue:51)
[2018-01-26 19:47:00.276] [DEBUG   ] --- compute solution with 7 resources (mru.computevalue:185)
[2018-01-26 19:54:27.370] [DEBUG   ] --- compute solution for different dispositions of7 resources (mru.computevalue:51)
[2018-01-26 20:25:25.882] [DEBUG   ] --- compute solution with 8 resources (mru.computevalue:185)
[2018-01-26 20:37:20.830] [DEBUG   ] --- compute solution for different dispositions of8 resources (mru.computevalue:51)
[2018-01-26 21:27:34.576] [DEBUG   ] --- saved results in /home/multidefender/mru_securitygame/mru/../file/results/res_graphs_45_ntgts/res_instance_ntgts_45_den_06_dead_5_graphix_0_ix_0.pickle (mru.iomanager:121)
[2018-01-26 21:27:34.577] [DEBUG   ] --- END computation for graph 45 5 0.6 0 (__main__:87)
[2018-01-26 21:27:34.582] [DEBUG   ] --- START computation for graph 30 10 0.10 3 (__main__:77)
[2018-01-26 21:27:34.582] [DEBUG   ] --- start compute_values function (mru.computevalue:135)
[2018-01-26 21:27:34.583] [DEBUG   ] --- compute shortest sets (mru.computevalue:144)
[2018-01-26 21:27:34.598] [DEBUG   ] --- compute covering routes (mru.computevalue:148)
