[2017-12-22 16:33:30.850] [DEBUG   ] --- START computation for graph 20 4 3 (__main__:57)
[2017-12-22 16:33:30.850] [DEBUG   ] --- start compute_values function (mru.computevalue:44)
[2017-12-22 16:33:30.851] [DEBUG   ] --- compute shortest sets (mru.computevalue:56)
[2017-12-22 16:33:30.858] [DEBUG   ] --- compute covering routes (mru.computevalue:60)
[2017-12-22 17:26:04.569] [DEBUG   ] --- compute solution with maximum resources (mru.computevalue:66)
[2017-12-22 17:26:10.981] [DEBUG   ] --- compute solution with minimum resources (mru.computevalue:73)
[2017-12-22 17:26:18.264] [DEBUG   ] --- compute solution for different dispositions of minimum resources (mru.computevalue:86)
[2017-12-22 17:27:24.364] [DEBUG   ] --- compute solution with 2 resources (mru.computevalue:97)
[2017-12-22 17:27:54.989] [DEBUG   ] --- compute solution for different disposition of 2 resources (mru.computevalue:109)
[2017-12-22 17:33:49.851] [DEBUG   ] --- compute solution with 3 resources (mru.computevalue:97)
[2017-12-22 17:35:21.106] [DEBUG   ] --- compute solution for different disposition of 3 resources (mru.computevalue:109)
[2017-12-22 17:49:28.552] [DEBUG   ] --- saved results in /home/multidefender/mru_securitygame/mru/../file/results/res_graphs_20_ntgts/res_instance_ntgts_20_den_25_dead_4_graphix_3_ix_0.pickle (mru.iomanager:121)
[2017-12-22 17:49:28.552] [DEBUG   ] --- END computation for graph 20 4 3 (__main__:64)
[2017-12-22 17:49:29.192] [DEBUG   ] --- START computation for graph 20 5 9 (__main__:57)
[2017-12-22 17:49:29.192] [DEBUG   ] --- start compute_values function (mru.computevalue:44)
[2017-12-22 17:49:29.193] [DEBUG   ] --- compute shortest sets (mru.computevalue:56)
[2017-12-22 17:49:29.199] [DEBUG   ] --- compute covering routes (mru.computevalue:60)
[2017-12-23 03:49:29.193] [ERROR   ] --- Timed out (mru.computevalue:137)
Traceback (most recent call last):
  File "/home/multidefender/mru_securitygame/mru/computevalue.py", line 62, in compute_values
    csr = compute_covering_routes(graph, tgts, rm_dominated=rm_dominated)
  File "/home/multidefender/mru_securitygame/mru/computevalue.py", line 215, in compute_covering_routes
    covset = cs.computeCovSet(graph_game, ver, targets)
  File "/home/multidefender/mru_securitygame/mru/srg/computecovsets.py", line 73, in computeCovSet
    C = purgeDominatedStrategies(C, i+1);
  File "/home/multidefender/mru_securitygame/mru/srg/computecovsets.py", line 97, in purgeDominatedStrategies
    condition2 = np.array_equal(np.sort(routes[n]), np.sort(routes[m])); # we want that the routes contains the same elements
  File "/usr/lib/python2.7/dist-packages/numpy/core/numeric.py", line 2476, in array_equal
    def array_equal(a1, a2):
  File "/home/multidefender/mru_securitygame/mru/patrolling/correlated/correlated_row_gen.py", line 29, in signal_handler
    raise TimeoutException, "Timed out"
TimeoutException: Timed out
[2017-12-23 03:49:29.198] [DEBUG   ] --- saved results in /home/multidefender/mru_securitygame/mru/../file/results/res_graphs_20_ntgts/res_instance_ntgts_20_den_25_dead_5_graphix_9_ix_0.pickle (mru.iomanager:121)
[2017-12-23 03:49:29.198] [DEBUG   ] --- END computation for graph 20 5 9 (__main__:64)
[2017-12-23 03:49:29.836] [DEBUG   ] --- START computation for graph 20 15 5 (__main__:57)
[2017-12-23 03:49:29.836] [DEBUG   ] --- start compute_values function (mru.computevalue:44)
[2017-12-23 03:49:29.837] [DEBUG   ] --- compute shortest sets (mru.computevalue:56)
[2017-12-23 03:49:29.845] [DEBUG   ] --- compute covering routes (mru.computevalue:60)
[2017-12-23 13:49:29.837] [ERROR   ] --- Timed out (mru.computevalue:137)
Traceback (most recent call last):
  File "/home/multidefender/mru_securitygame/mru/computevalue.py", line 62, in compute_values
    csr = compute_covering_routes(graph, tgts, rm_dominated=rm_dominated)
  File "/home/multidefender/mru_securitygame/mru/computevalue.py", line 215, in compute_covering_routes
    covset = cs.computeCovSet(graph_game, ver, targets)
  File "/home/multidefender/mru_securitygame/mru/srg/computecovsets.py", line 73, in computeCovSet
    C = purgeDominatedStrategies(C, i+1);
  File "/home/multidefender/mru_securitygame/mru/srg/computecovsets.py", line 97, in purgeDominatedStrategies
    condition2 = np.array_equal(np.sort(routes[n]), np.sort(routes[m])); # we want that the routes contains the same elements
  File "/usr/lib/python2.7/dist-packages/numpy/core/fromnumeric.py", line 825, in sort
    a.sort(axis, kind, order)
  File "/home/multidefender/mru_securitygame/mru/patrolling/correlated/correlated_row_gen.py", line 29, in signal_handler
    raise TimeoutException, "Timed out"
TimeoutException: Timed out
[2017-12-23 13:49:29.873] [DEBUG   ] --- saved results in /home/multidefender/mru_securitygame/mru/../file/results/res_graphs_20_ntgts/res_instance_ntgts_20_den_25_dead_15_graphix_5_ix_0.pickle (mru.iomanager:121)
[2017-12-23 13:49:29.873] [DEBUG   ] --- END computation for graph 20 15 5 (__main__:64)
[2017-12-23 13:49:30.660] [DEBUG   ] --- START computation for graph 25 5 1 (__main__:57)
[2017-12-23 13:49:30.661] [DEBUG   ] --- start compute_values function (mru.computevalue:44)
[2017-12-23 13:49:30.661] [DEBUG   ] --- compute shortest sets (mru.computevalue:56)
[2017-12-23 13:49:30.671] [DEBUG   ] --- compute covering routes (mru.computevalue:60)
[2017-12-23 23:49:30.661] [ERROR   ] --- Timed out (mru.computevalue:137)
Traceback (most recent call last):
  File "/home/multidefender/mru_securitygame/mru/computevalue.py", line 62, in compute_values
    csr = compute_covering_routes(graph, tgts, rm_dominated=rm_dominated)
  File "/home/multidefender/mru_securitygame/mru/computevalue.py", line 215, in compute_covering_routes
    covset = cs.computeCovSet(graph_game, ver, targets)
  File "/home/multidefender/mru_securitygame/mru/srg/computecovsets.py", line 73, in computeCovSet
    C = purgeDominatedStrategies(C, i+1);
  File "/home/multidefender/mru_securitygame/mru/srg/computecovsets.py", line 97, in purgeDominatedStrategies
    condition2 = np.array_equal(np.sort(routes[n]), np.sort(routes[m])); # we want that the routes contains the same elements
  File "/usr/lib/python2.7/dist-packages/numpy/core/numeric.py", line 2515, in array_equal
    return bool(asarray(a1 == a2).all())
  File "/usr/lib/python2.7/dist-packages/numpy/core/_methods.py", line 41, in _all
    return umr_all(a, axis, dtype, out, keepdims)
  File "/home/multidefender/mru_securitygame/mru/patrolling/correlated/correlated_row_gen.py", line 29, in signal_handler
    raise TimeoutException, "Timed out"
TimeoutException: Timed out
[2017-12-23 23:49:30.671] [DEBUG   ] --- saved results in /home/multidefender/mru_securitygame/mru/../file/results/res_graphs_25_ntgts/res_instance_ntgts_25_den_25_dead_5_graphix_1_ix_0.pickle (mru.iomanager:121)
[2017-12-23 23:49:30.671] [DEBUG   ] --- END computation for graph 25 5 1 (__main__:64)
[2017-12-23 23:49:31.209] [DEBUG   ] --- START computation for graph 25 10 7 (__main__:57)
[2017-12-23 23:49:31.209] [DEBUG   ] --- start compute_values function (mru.computevalue:44)
[2017-12-23 23:49:31.209] [DEBUG   ] --- compute shortest sets (mru.computevalue:56)
[2017-12-23 23:49:31.220] [DEBUG   ] --- compute covering routes (mru.computevalue:60)
[2017-12-24 09:49:31.210] [ERROR   ] --- Timed out (mru.computevalue:137)
Traceback (most recent call last):
  File "/home/multidefender/mru_securitygame/mru/computevalue.py", line 62, in compute_values
    csr = compute_covering_routes(graph, tgts, rm_dominated=rm_dominated)
  File "/home/multidefender/mru_securitygame/mru/computevalue.py", line 215, in compute_covering_routes
    covset = cs.computeCovSet(graph_game, ver, targets)
  File "/home/multidefender/mru_securitygame/mru/srg/computecovsets.py", line 73, in computeCovSet
    C = purgeDominatedStrategies(C, i+1);
  File "/home/multidefender/mru_securitygame/mru/srg/computecovsets.py", line 98, in purgeDominatedStrategies
    condition3 =  m not in deleted and n not in deleted;
  File "/home/multidefender/mru_securitygame/mru/patrolling/correlated/correlated_row_gen.py", line 29, in signal_handler
    raise TimeoutException, "Timed out"
TimeoutException: Timed out
[2017-12-24 09:49:31.225] [DEBUG   ] --- saved results in /home/multidefender/mru_securitygame/mru/../file/results/res_graphs_25_ntgts/res_instance_ntgts_25_den_25_dead_10_graphix_7_ix_0.pickle (mru.iomanager:121)
[2017-12-24 09:49:31.225] [DEBUG   ] --- END computation for graph 25 10 7 (__main__:64)
[2017-12-24 09:49:31.767] [DEBUG   ] --- START computation for graph 30 10 3 (__main__:57)
[2017-12-24 09:49:31.767] [DEBUG   ] --- start compute_values function (mru.computevalue:44)
[2017-12-24 09:49:31.768] [DEBUG   ] --- compute shortest sets (mru.computevalue:56)
[2017-12-24 09:49:31.781] [DEBUG   ] --- compute covering routes (mru.computevalue:60)
