[2018-01-26 15:11:22.384] [DEBUG   ] --- START computation for graph 50 5 0.6 0 (__main__:77)
[2018-01-26 15:11:22.385] [DEBUG   ] --- start compute_values function (mru.computevalue:135)
[2018-01-26 15:11:22.386] [DEBUG   ] --- compute shortest sets (mru.computevalue:144)
[2018-01-26 15:11:22.422] [DEBUG   ] --- compute covering routes (mru.computevalue:148)
[2018-01-26 18:07:10.689] [DEBUG   ] --- compute solution with maximum resources (mru.computevalue:154)
[2018-01-26 18:07:38.678] [DEBUG   ] --- compute solution with minimum resources (mru.computevalue:166)
[2018-01-26 18:07:44.732] [DEBUG   ] --- compute solution for different dispositions of1 resources (mru.computevalue:51)
[2018-01-26 18:07:44.732] [DEBUG   ] --- compute solution with 2 resources (mru.computevalue:185)
[2018-01-26 18:08:55.997] [DEBUG   ] --- compute solution for different dispositions of2 resources (mru.computevalue:51)
[2018-01-26 18:18:52.444] [DEBUG   ] --- compute solution with 3 resources (mru.computevalue:185)
[2018-01-26 18:19:56.148] [DEBUG   ] --- compute solution for different dispositions of3 resources (mru.computevalue:51)
[2018-01-26 18:36:48.968] [DEBUG   ] --- compute solution with 4 resources (mru.computevalue:185)
[2018-01-26 18:39:09.196] [DEBUG   ] --- compute solution for different dispositions of4 resources (mru.computevalue:51)
[2018-01-26 19:07:53.405] [DEBUG   ] --- compute solution with 5 resources (mru.computevalue:185)
[2018-01-26 19:10:47.831] [DEBUG   ] --- compute solution for different dispositions of5 resources (mru.computevalue:51)
[2018-01-26 19:35:00.965] [DEBUG   ] --- compute solution with 6 resources (mru.computevalue:185)
[2018-01-26 19:40:42.865] [DEBUG   ] --- compute solution for different dispositions of6 resources (mru.computevalue:51)
[2018-01-26 20:17:29.768] [DEBUG   ] --- compute solution with 7 resources (mru.computevalue:185)
[2018-01-26 20:27:18.880] [DEBUG   ] --- compute solution for different dispositions of7 resources (mru.computevalue:51)
[2018-01-26 21:39:30.353] [DEBUG   ] --- compute solution with 8 resources (mru.computevalue:185)
[2018-01-26 21:55:31.183] [DEBUG   ] --- compute solution for different dispositions of8 resources (mru.computevalue:51)
[2018-01-26 23:27:05.386] [DEBUG   ] --- saved results in /home/multidefender/mru_securitygame/mru/../file/results/res_graphs_50_ntgts/res_instance_ntgts_50_den_06_dead_5_graphix_0_ix_0.pickle (mru.iomanager:121)
[2018-01-26 23:27:05.386] [DEBUG   ] --- END computation for graph 50 5 0.6 0 (__main__:87)
[2018-01-26 23:27:05.391] [DEBUG   ] --- START computation for graph 30 10 0.10 4 (__main__:77)
[2018-01-26 23:27:05.391] [DEBUG   ] --- start compute_values function (mru.computevalue:135)
[2018-01-26 23:27:05.391] [DEBUG   ] --- compute shortest sets (mru.computevalue:144)
[2018-01-26 23:27:05.407] [DEBUG   ] --- compute covering routes (mru.computevalue:148)
