[2017-12-22 16:36:33.521] [DEBUG   ] --- START computation for graph 20 5 2 (__main__:57)
[2017-12-22 16:36:33.522] [DEBUG   ] --- start compute_values function (mru.computevalue:44)
[2017-12-22 16:36:33.522] [DEBUG   ] --- compute shortest sets (mru.computevalue:56)
[2017-12-22 16:36:33.528] [DEBUG   ] --- compute covering routes (mru.computevalue:60)
[2017-12-23 02:36:33.522] [ERROR   ] --- Timed out (mru.computevalue:137)
Traceback (most recent call last):
  File "/home/multidefender/mru_securitygame/mru/computevalue.py", line 62, in compute_values
    csr = compute_covering_routes(graph, tgts, rm_dominated=rm_dominated)
  File "/home/multidefender/mru_securitygame/mru/computevalue.py", line 215, in compute_covering_routes
    covset = cs.computeCovSet(graph_game, ver, targets)
  File "/home/multidefender/mru_securitygame/mru/srg/computecovsets.py", line 73, in computeCovSet
    C = purgeDominatedStrategies(C, i+1);
  File "/home/multidefender/mru_securitygame/mru/srg/computecovsets.py", line 97, in purgeDominatedStrategies
    condition2 = np.array_equal(np.sort(routes[n]), np.sort(routes[m])); # we want that the routes contains the same elements
  File "/usr/lib/python2.7/dist-packages/numpy/core/numeric.py", line 2515, in array_equal
    return bool(asarray(a1 == a2).all())
  File "/usr/lib/python2.7/dist-packages/numpy/core/_methods.py", line 41, in _all
    return umr_all(a, axis, dtype, out, keepdims)
  File "/home/multidefender/mru_securitygame/mru/patrolling/correlated/correlated_row_gen.py", line 29, in signal_handler
    raise TimeoutException, "Timed out"
TimeoutException: Timed out
[2017-12-23 02:36:33.537] [DEBUG   ] --- saved results in /home/multidefender/mru_securitygame/mru/../file/results/res_graphs_20_ntgts/res_instance_ntgts_20_den_25_dead_5_graphix_2_ix_0.pickle (mru.iomanager:121)
[2017-12-23 02:36:33.538] [DEBUG   ] --- END computation for graph 20 5 2 (__main__:64)
[2017-12-23 02:36:34.120] [DEBUG   ] --- START computation for graph 20 10 8 (__main__:57)
[2017-12-23 02:36:34.120] [DEBUG   ] --- start compute_values function (mru.computevalue:44)
[2017-12-23 02:36:34.120] [DEBUG   ] --- compute shortest sets (mru.computevalue:56)
[2017-12-23 02:36:34.128] [DEBUG   ] --- compute covering routes (mru.computevalue:60)
[2017-12-23 12:36:34.122] [ERROR   ] --- Timed out (mru.computevalue:137)
Traceback (most recent call last):
  File "/home/multidefender/mru_securitygame/mru/computevalue.py", line 62, in compute_values
    csr = compute_covering_routes(graph, tgts, rm_dominated=rm_dominated)
  File "/home/multidefender/mru_securitygame/mru/computevalue.py", line 215, in compute_covering_routes
    covset = cs.computeCovSet(graph_game, ver, targets)
  File "/home/multidefender/mru_securitygame/mru/srg/computecovsets.py", line 73, in computeCovSet
    C = purgeDominatedStrategies(C, i+1);
  File "/home/multidefender/mru_securitygame/mru/srg/computecovsets.py", line 97, in purgeDominatedStrategies
    condition2 = np.array_equal(np.sort(routes[n]), np.sort(routes[m])); # we want that the routes contains the same elements
  File "/usr/lib/python2.7/dist-packages/numpy/core/fromnumeric.py", line 824, in sort
    a = asanyarray(a).copy(order="K")
  File "/home/multidefender/mru_securitygame/mru/patrolling/correlated/correlated_row_gen.py", line 29, in signal_handler
    raise TimeoutException, "Timed out"
TimeoutException: Timed out
[2017-12-23 12:36:34.185] [DEBUG   ] --- saved results in /home/multidefender/mru_securitygame/mru/../file/results/res_graphs_20_ntgts/res_instance_ntgts_20_den_25_dead_10_graphix_8_ix_0.pickle (mru.iomanager:121)
[2017-12-23 12:36:34.185] [DEBUG   ] --- END computation for graph 20 10 8 (__main__:64)
[2017-12-23 12:36:35. 71] [DEBUG   ] --- START computation for graph 20 19 4 (__main__:57)
[2017-12-23 12:36:35. 71] [DEBUG   ] --- start compute_values function (mru.computevalue:44)
[2017-12-23 12:36:35. 72] [DEBUG   ] --- compute shortest sets (mru.computevalue:56)
[2017-12-23 12:36:35. 82] [DEBUG   ] --- compute covering routes (mru.computevalue:60)
[2017-12-23 22:36:35. 72] [ERROR   ] --- Timed out (mru.computevalue:137)
Traceback (most recent call last):
  File "/home/multidefender/mru_securitygame/mru/computevalue.py", line 62, in compute_values
    csr = compute_covering_routes(graph, tgts, rm_dominated=rm_dominated)
  File "/home/multidefender/mru_securitygame/mru/computevalue.py", line 215, in compute_covering_routes
    covset = cs.computeCovSet(graph_game, ver, targets)
  File "/home/multidefender/mru_securitygame/mru/srg/computecovsets.py", line 73, in computeCovSet
    C = purgeDominatedStrategies(C, i+1);
  File "/home/multidefender/mru_securitygame/mru/srg/computecovsets.py", line 98, in purgeDominatedStrategies
    condition3 =  m not in deleted and n not in deleted;
  File "/home/multidefender/mru_securitygame/mru/patrolling/correlated/correlated_row_gen.py", line 29, in signal_handler
    raise TimeoutException, "Timed out"
TimeoutException: Timed out
[2017-12-23 22:36:35. 92] [DEBUG   ] --- saved results in /home/multidefender/mru_securitygame/mru/../file/results/res_graphs_20_ntgts/res_instance_ntgts_20_den_25_dead_19_graphix_4_ix_0.pickle (mru.iomanager:121)
[2017-12-23 22:36:35. 92] [DEBUG   ] --- END computation for graph 20 19 4 (__main__:64)
[2017-12-23 22:36:35.657] [DEBUG   ] --- START computation for graph 25 10 0 (__main__:57)
[2017-12-23 22:36:35.657] [DEBUG   ] --- start compute_values function (mru.computevalue:44)
[2017-12-23 22:36:35.658] [DEBUG   ] --- compute shortest sets (mru.computevalue:56)
[2017-12-23 22:36:35.670] [DEBUG   ] --- compute covering routes (mru.computevalue:60)
[2017-12-24 08:36:35.659] [ERROR   ] --- Timed out (mru.computevalue:137)
Traceback (most recent call last):
  File "/home/multidefender/mru_securitygame/mru/computevalue.py", line 62, in compute_values
    csr = compute_covering_routes(graph, tgts, rm_dominated=rm_dominated)
  File "/home/multidefender/mru_securitygame/mru/computevalue.py", line 215, in compute_covering_routes
    covset = cs.computeCovSet(graph_game, ver, targets)
  File "/home/multidefender/mru_securitygame/mru/srg/computecovsets.py", line 73, in computeCovSet
    C = purgeDominatedStrategies(C, i+1);
  File "/home/multidefender/mru_securitygame/mru/srg/computecovsets.py", line 97, in purgeDominatedStrategies
    condition2 = np.array_equal(np.sort(routes[n]), np.sort(routes[m])); # we want that the routes contains the same elements
  File "/usr/lib/python2.7/dist-packages/numpy/core/fromnumeric.py", line 718, in sort
    def sort(a, axis=-1, kind='quicksort', order=None):
  File "/home/multidefender/mru_securitygame/mru/patrolling/correlated/correlated_row_gen.py", line 29, in signal_handler
    raise TimeoutException, "Timed out"
TimeoutException: Timed out
[2017-12-24 08:36:35.689] [DEBUG   ] --- saved results in /home/multidefender/mru_securitygame/mru/../file/results/res_graphs_25_ntgts/res_instance_ntgts_25_den_25_dead_10_graphix_0_ix_0.pickle (mru.iomanager:121)
[2017-12-24 08:36:35.689] [DEBUG   ] --- END computation for graph 25 10 0 (__main__:64)
[2017-12-24 08:36:36.224] [DEBUG   ] --- START computation for graph 30 5 6 (__main__:57)
[2017-12-24 08:36:36.225] [DEBUG   ] --- start compute_values function (mru.computevalue:44)
[2017-12-24 08:36:36.225] [DEBUG   ] --- compute shortest sets (mru.computevalue:56)
[2017-12-24 08:36:36.238] [DEBUG   ] --- compute covering routes (mru.computevalue:60)
