[2018-01-25 16:26:57.862] [DEBUG   ] --- START computation for graph 50 5 0.6 1 (__main__:77)
[2018-01-25 16:26:57.862] [DEBUG   ] --- start compute_values function (mru.computevalue:116)
[2018-01-25 16:26:57.864] [DEBUG   ] --- compute shortest sets (mru.computevalue:125)
[2018-01-25 16:26:57.900] [DEBUG   ] --- compute covering routes (mru.computevalue:129)
[2018-01-25 20:18:18.761] [DEBUG   ] --- compute solution with maximum resources (mru.computevalue:135)
[2018-01-25 20:18:46.888] [DEBUG   ] --- compute solution with minimum resources (mru.computevalue:147)
[2018-01-25 20:19:00.543] [DEBUG   ] --- compute solution for different dispositions of1 resources (mru.computevalue:50)
[2018-01-25 20:22:37.504] [DEBUG   ] --- compute solution with 2 resources (mru.computevalue:166)
[2018-01-25 20:24:38.354] [DEBUG   ] --- compute solution for different dispositions of2 resources (mru.computevalue:50)
[2018-01-25 20:31:55. 35] [DEBUG   ] --- compute solution with 3 resources (mru.computevalue:166)
[2018-01-25 20:34:43.312] [DEBUG   ] --- compute solution for different dispositions of3 resources (mru.computevalue:50)
[2018-01-25 20:45:51.713] [DEBUG   ] --- compute solution with 4 resources (mru.computevalue:166)
[2018-01-25 20:52:51.673] [DEBUG   ] --- compute solution for different dispositions of4 resources (mru.computevalue:50)
[2018-01-25 21:10:45.472] [DEBUG   ] --- compute solution with 5 resources (mru.computevalue:166)
[2018-01-25 21:21:13.462] [DEBUG   ] --- compute solution for different dispositions of5 resources (mru.computevalue:50)
[2018-01-25 21:49:11.413] [DEBUG   ] --- compute solution with 6 resources (mru.computevalue:166)
[2018-01-25 22:02:57.215] [DEBUG   ] --- compute solution for different dispositions of6 resources (mru.computevalue:50)
[2018-01-25 22:51:52.365] [DEBUG   ] --- compute solution with 7 resources (mru.computevalue:166)
[2018-01-25 23:10:52.346] [DEBUG   ] --- compute solution for different dispositions of7 resources (mru.computevalue:50)
[2018-01-26 00:05:08.846] [DEBUG   ] --- compute solution with 8 resources (mru.computevalue:166)
[2018-01-26 00:40:21.545] [DEBUG   ] --- compute solution for different dispositions of8 resources (mru.computevalue:50)
[2018-01-26 01:42:38.203] [DEBUG   ] --- saved results in /home/multidefender/mru_securitygame/mru/../file/results/res_graphs_50_ntgts/res_instance_ntgts_50_den_06_dead_5_graphix_1_ix_0.pickle (mru.iomanager:121)
[2018-01-26 01:42:38.203] [DEBUG   ] --- END computation for graph 50 5 0.6 1 (__main__:87)
[2018-01-26 01:42:38.206] [DEBUG   ] --- START computation for graph 30 10 0.10 6 (__main__:77)
[2018-01-26 01:42:38.206] [DEBUG   ] --- start compute_values function (mru.computevalue:116)
[2018-01-26 01:42:38.206] [DEBUG   ] --- compute shortest sets (mru.computevalue:125)
[2018-01-26 01:42:38.215] [DEBUG   ] --- compute covering routes (mru.computevalue:129)
