[2018-01-26 15:11:22.244] [DEBUG   ] --- START computation for graph 35 5 0.6 1 (__main__:77)
[2018-01-26 15:11:22.244] [DEBUG   ] --- start compute_values function (mru.computevalue:135)
[2018-01-26 15:11:22.245] [DEBUG   ] --- compute shortest sets (mru.computevalue:144)
[2018-01-26 15:11:22.261] [DEBUG   ] --- compute covering routes (mru.computevalue:148)
[2018-01-26 15:15:34.234] [DEBUG   ] --- compute solution with maximum resources (mru.computevalue:154)
[2018-01-26 15:15:36. 84] [DEBUG   ] --- compute solution with minimum resources (mru.computevalue:166)
[2018-01-26 15:15:39. 22] [DEBUG   ] --- compute solution for different dispositions of2 resources (mru.computevalue:51)
[2018-01-26 15:16:28.581] [DEBUG   ] --- compute solution with 3 resources (mru.computevalue:185)
[2018-01-26 15:16:38.774] [DEBUG   ] --- compute solution for different dispositions of3 resources (mru.computevalue:51)
[2018-01-26 15:17:19.930] [DEBUG   ] --- compute solution with 4 resources (mru.computevalue:185)
[2018-01-26 15:17:33.153] [DEBUG   ] --- compute solution for different dispositions of4 resources (mru.computevalue:51)
[2018-01-26 15:18:15.234] [DEBUG   ] --- compute solution with 5 resources (mru.computevalue:185)
[2018-01-26 15:18:30.342] [DEBUG   ] --- compute solution for different dispositions of5 resources (mru.computevalue:51)
[2018-01-26 15:19:49.467] [DEBUG   ] --- compute solution with 6 resources (mru.computevalue:185)
[2018-01-26 15:20:10.391] [DEBUG   ] --- compute solution for different dispositions of6 resources (mru.computevalue:51)
[2018-01-26 15:21:54.740] [DEBUG   ] --- saved results in /home/multidefender/mru_securitygame/mru/../file/results/res_graphs_35_ntgts/res_instance_ntgts_35_den_06_dead_5_graphix_1_ix_0.pickle (mru.iomanager:121)
[2018-01-26 15:21:54.740] [DEBUG   ] --- END computation for graph 35 5 0.6 1 (__main__:87)
[2018-01-26 15:21:54.747] [DEBUG   ] --- START computation for graph 50 10 0.6 1 (__main__:77)
[2018-01-26 15:21:54.747] [DEBUG   ] --- start compute_values function (mru.computevalue:135)
[2018-01-26 15:21:54.748] [DEBUG   ] --- compute shortest sets (mru.computevalue:144)
[2018-01-26 15:21:54.779] [DEBUG   ] --- compute covering routes (mru.computevalue:148)
