[2018-01-25 16:26:57.746] [DEBUG   ] --- START computation for graph 40 5 0.6 0 (__main__:77)
[2018-01-25 16:26:57.746] [DEBUG   ] --- start compute_values function (mru.computevalue:116)
[2018-01-25 16:26:57.747] [DEBUG   ] --- compute shortest sets (mru.computevalue:125)
[2018-01-25 16:26:57.769] [DEBUG   ] --- compute covering routes (mru.computevalue:129)
[2018-01-25 16:40:41.289] [DEBUG   ] --- compute solution with maximum resources (mru.computevalue:135)
[2018-01-25 16:40:45.157] [DEBUG   ] --- compute solution with minimum resources (mru.computevalue:147)
[2018-01-25 16:40:56.661] [DEBUG   ] --- compute solution for different dispositions of2 resources (mru.computevalue:50)
[2018-01-25 16:41:47.188] [DEBUG   ] --- compute solution with 3 resources (mru.computevalue:166)
[2018-01-25 16:42:04.885] [DEBUG   ] --- compute solution for different dispositions of3 resources (mru.computevalue:50)
[2018-01-25 16:42:57.466] [DEBUG   ] --- compute solution with 4 resources (mru.computevalue:166)
[2018-01-25 16:43:17.600] [DEBUG   ] --- compute solution for different dispositions of4 resources (mru.computevalue:50)
[2018-01-25 16:44:48.145] [DEBUG   ] --- compute solution with 5 resources (mru.computevalue:166)
[2018-01-25 16:45:02.458] [DEBUG   ] --- compute solution for different dispositions of5 resources (mru.computevalue:50)
[2018-01-25 16:47:32.395] [DEBUG   ] --- compute solution with 6 resources (mru.computevalue:166)
[2018-01-25 16:47:54.  7] [DEBUG   ] --- compute solution for different dispositions of6 resources (mru.computevalue:50)
[2018-01-25 16:50:24.690] [DEBUG   ] --- compute solution with 7 resources (mru.computevalue:166)
[2018-01-25 16:50:39.624] [DEBUG   ] --- compute solution for different dispositions of7 resources (mru.computevalue:50)
[2018-01-25 16:53:47.871] [DEBUG   ] --- saved results in /home/multidefender/mru_securitygame/mru/../file/results/res_graphs_40_ntgts/res_instance_ntgts_40_den_06_dead_5_graphix_0_ix_0.pickle (mru.iomanager:121)
[2018-01-25 16:53:47.872] [DEBUG   ] --- END computation for graph 40 5 0.6 0 (__main__:87)
[2018-01-25 16:53:47.874] [DEBUG   ] --- START computation for graph 30 10 0.10 1 (__main__:77)
[2018-01-25 16:53:47.874] [DEBUG   ] --- start compute_values function (mru.computevalue:116)
[2018-01-25 16:53:47.875] [DEBUG   ] --- compute shortest sets (mru.computevalue:125)
[2018-01-25 16:53:47.882] [DEBUG   ] --- compute covering routes (mru.computevalue:129)
