[2018-01-26 15:11:22.244] [DEBUG   ] --- START computation for graph 35 5 0.6 0 (__main__:77)
[2018-01-26 15:11:22.244] [DEBUG   ] --- start compute_values function (mru.computevalue:135)
[2018-01-26 15:11:22.245] [DEBUG   ] --- compute shortest sets (mru.computevalue:144)
[2018-01-26 15:11:22.333] [DEBUG   ] --- compute covering routes (mru.computevalue:148)
[2018-01-26 15:13:51.726] [DEBUG   ] --- compute solution with maximum resources (mru.computevalue:154)
[2018-01-26 15:13:53.103] [DEBUG   ] --- compute solution with minimum resources (mru.computevalue:166)
[2018-01-26 15:13:54.885] [DEBUG   ] --- compute solution for different dispositions of2 resources (mru.computevalue:51)
[2018-01-26 15:14:37.516] [DEBUG   ] --- compute solution with 3 resources (mru.computevalue:185)
[2018-01-26 15:14:49.711] [DEBUG   ] --- compute solution for different dispositions of3 resources (mru.computevalue:51)
[2018-01-26 15:15:52. 34] [DEBUG   ] --- compute solution with 4 resources (mru.computevalue:185)
[2018-01-26 15:16:00.493] [DEBUG   ] --- compute solution for different dispositions of4 resources (mru.computevalue:51)
[2018-01-26 15:17:14.465] [DEBUG   ] --- compute solution with 5 resources (mru.computevalue:185)
[2018-01-26 15:17:21.839] [DEBUG   ] --- compute solution for different dispositions of5 resources (mru.computevalue:51)
[2018-01-26 15:18:10.941] [DEBUG   ] --- compute solution with 6 resources (mru.computevalue:185)
[2018-01-26 15:18:19.684] [DEBUG   ] --- compute solution for different dispositions of6 resources (mru.computevalue:51)
[2018-01-26 15:20:18.869] [DEBUG   ] --- saved results in /home/multidefender/mru_securitygame/mru/../file/results/res_graphs_35_ntgts/res_instance_ntgts_35_den_06_dead_5_graphix_0_ix_0.pickle (mru.iomanager:121)
[2018-01-26 15:20:18.869] [DEBUG   ] --- END computation for graph 35 5 0.6 0 (__main__:87)
[2018-01-26 15:20:18.873] [DEBUG   ] --- START computation for graph 50 10 0.6 0 (__main__:77)
[2018-01-26 15:20:18.873] [DEBUG   ] --- start compute_values function (mru.computevalue:135)
[2018-01-26 15:20:18.873] [DEBUG   ] --- compute shortest sets (mru.computevalue:144)
[2018-01-26 15:20:18.901] [DEBUG   ] --- compute covering routes (mru.computevalue:148)
