[2017-12-22 10:09:53.178] [DEBUG   ] --- START computation for graph 10 3 0 (__main__:57)
[2017-12-22 10:09:53.178] [DEBUG   ] --- start compute_values function (mru.computevalue:38)
[2017-12-22 10:09:53.180] [DEBUG   ] --- compute shortest sets (mru.computevalue:50)
[2017-12-22 10:09:53.192] [DEBUG   ] --- compute covering routes (mru.computevalue:52)
[2017-12-22 10:09:53.364] [DEBUG   ] --- compute solution with maximum resources (mru.computevalue:56)
[2017-12-22 10:09:53.411] [DEBUG   ] --- compute solution with minimum resources (mru.computevalue:61)
[2017-12-22 10:09:53.476] [DEBUG   ] --- compute solution for different dispositions of minimum resources (mru.computevalue:70)
[2017-12-22 10:09:53.519] [DEBUG   ] --- saved results in /Users/jacopo/Dropbox/University-ComputerEngineering/Thesis/mru_securitygame/mru/../file/results/res_graphs_10_ntgts/res_instance_ntgts_10_den_25_dead_3_graphix_0_ix_2.pickle (mru.iomanager:121)
[2017-12-22 10:09:53.519] [DEBUG   ] --- END computation for graph 10 3 0 (__main__:64)
[2017-12-22 10:09:54. 90] [DEBUG   ] --- START computation for graph 10 3 1 (__main__:57)
[2017-12-22 10:09:54. 90] [DEBUG   ] --- start compute_values function (mru.computevalue:38)
[2017-12-22 10:09:54. 90] [DEBUG   ] --- compute shortest sets (mru.computevalue:50)
[2017-12-22 10:09:54. 93] [DEBUG   ] --- compute covering routes (mru.computevalue:52)
[2017-12-22 10:09:54.290] [DEBUG   ] --- compute solution with maximum resources (mru.computevalue:56)
[2017-12-22 10:09:54.307] [DEBUG   ] --- compute solution with minimum resources (mru.computevalue:61)
[2017-12-22 10:09:54.565] [DEBUG   ] --- compute solution for different dispositions of minimum resources (mru.computevalue:70)
[2017-12-22 10:09:54.679] [DEBUG   ] --- saved results in /Users/jacopo/Dropbox/University-ComputerEngineering/Thesis/mru_securitygame/mru/../file/results/res_graphs_10_ntgts/res_instance_ntgts_10_den_25_dead_3_graphix_1_ix_2.pickle (mru.iomanager:121)
[2017-12-22 10:09:54.680] [DEBUG   ] --- END computation for graph 10 3 1 (__main__:64)
[2017-12-22 10:09:55.249] [DEBUG   ] --- START computation for graph 10 3 2 (__main__:57)
[2017-12-22 10:09:55.249] [DEBUG   ] --- start compute_values function (mru.computevalue:38)
[2017-12-22 10:09:55.249] [DEBUG   ] --- compute shortest sets (mru.computevalue:50)
[2017-12-22 10:09:55.251] [DEBUG   ] --- compute covering routes (mru.computevalue:52)
[2017-12-22 10:09:55.390] [DEBUG   ] --- compute solution with maximum resources (mru.computevalue:56)
[2017-12-22 10:09:55.401] [DEBUG   ] --- compute solution with minimum resources (mru.computevalue:61)
[2017-12-22 10:09:55.407] [DEBUG   ] --- saved results in /Users/jacopo/Dropbox/University-ComputerEngineering/Thesis/mru_securitygame/mru/../file/results/res_graphs_10_ntgts/res_instance_ntgts_10_den_25_dead_3_graphix_2_ix_2.pickle (mru.iomanager:121)
[2017-12-22 10:09:55.407] [DEBUG   ] --- END computation for graph 10 3 2 (__main__:64)
[2017-12-22 10:09:55.985] [DEBUG   ] --- START computation for graph 10 3 3 (__main__:57)
[2017-12-22 10:09:55.985] [DEBUG   ] --- start compute_values function (mru.computevalue:38)
[2017-12-22 10:09:55.985] [DEBUG   ] --- compute shortest sets (mru.computevalue:50)
[2017-12-22 10:09:55.987] [DEBUG   ] --- compute covering routes (mru.computevalue:52)
[2017-12-22 10:09:56.121] [DEBUG   ] --- compute solution with maximum resources (mru.computevalue:56)
[2017-12-22 10:09:56.133] [DEBUG   ] --- compute solution with minimum resources (mru.computevalue:61)
[2017-12-22 10:09:56.179] [DEBUG   ] --- compute solution for different dispositions of minimum resources (mru.computevalue:70)
[2017-12-22 10:09:56.287] [DEBUG   ] --- compute solution with 4 resources (mru.computevalue:80)
[2017-12-22 10:09:56.386] [DEBUG   ] --- compute solution for different disposition of 4 resources (mru.computevalue:88)
[2017-12-22 10:09:56.827] [DEBUG   ] --- saved results in /Users/jacopo/Dropbox/University-ComputerEngineering/Thesis/mru_securitygame/mru/../file/results/res_graphs_10_ntgts/res_instance_ntgts_10_den_25_dead_3_graphix_3_ix_2.pickle (mru.iomanager:121)
[2017-12-22 10:09:56.827] [DEBUG   ] --- END computation for graph 10 3 3 (__main__:64)
[2017-12-22 10:10:14.898] [DEBUG   ] --- START computation for graph 10 3 0 (__main__:57)
[2017-12-22 10:10:14.898] [DEBUG   ] --- start compute_values function (mru.computevalue:38)
[2017-12-22 10:10:14.898] [DEBUG   ] --- compute shortest sets (mru.computevalue:50)
[2017-12-22 10:10:14.900] [DEBUG   ] --- compute covering routes (mru.computevalue:52)
[2017-12-22 10:10:14.994] [DEBUG   ] --- compute solution with maximum resources (mru.computevalue:56)
[2017-12-22 10:10:15.  6] [DEBUG   ] --- compute solution with minimum resources (mru.computevalue:61)
[2017-12-22 10:10:15. 37] [DEBUG   ] --- compute solution for different dispositions of minimum resources (mru.computevalue:70)
[2017-12-22 10:10:15. 76] [DEBUG   ] --- saved results in /Users/jacopo/Dropbox/University-ComputerEngineering/Thesis/mru_securitygame/mru/../file/results/res_graphs_10_ntgts/res_instance_ntgts_10_den_25_dead_3_graphix_0_ix_3.pickle (mru.iomanager:121)
[2017-12-22 10:10:15. 76] [DEBUG   ] --- END computation for graph 10 3 0 (__main__:64)
[2017-12-22 10:10:15.650] [DEBUG   ] --- START computation for graph 10 3 1 (__main__:57)
[2017-12-22 10:10:15.650] [DEBUG   ] --- start compute_values function (mru.computevalue:38)
[2017-12-22 10:10:15.651] [DEBUG   ] --- compute shortest sets (mru.computevalue:50)
[2017-12-22 10:10:15.653] [DEBUG   ] --- compute covering routes (mru.computevalue:52)
[2017-12-22 10:10:15.883] [DEBUG   ] --- compute solution with maximum resources (mru.computevalue:56)
[2017-12-22 10:10:15.919] [DEBUG   ] --- compute solution with minimum resources (mru.computevalue:61)
[2017-12-22 10:10:16.208] [DEBUG   ] --- compute solution for different dispositions of minimum resources (mru.computevalue:70)
[2017-12-22 10:10:16.315] [DEBUG   ] --- saved results in /Users/jacopo/Dropbox/University-ComputerEngineering/Thesis/mru_securitygame/mru/../file/results/res_graphs_10_ntgts/res_instance_ntgts_10_den_25_dead_3_graphix_1_ix_3.pickle (mru.iomanager:121)
[2017-12-22 10:10:16.315] [DEBUG   ] --- END computation for graph 10 3 1 (__main__:64)
[2017-12-22 10:10:16.893] [DEBUG   ] --- START computation for graph 10 3 2 (__main__:57)
[2017-12-22 10:10:16.894] [DEBUG   ] --- start compute_values function (mru.computevalue:38)
[2017-12-22 10:10:16.894] [DEBUG   ] --- compute shortest sets (mru.computevalue:50)
[2017-12-22 10:10:16.896] [DEBUG   ] --- compute covering routes (mru.computevalue:52)
[2017-12-22 10:10:17. 35] [DEBUG   ] --- compute solution with maximum resources (mru.computevalue:56)
[2017-12-22 10:10:17. 47] [DEBUG   ] --- compute solution with minimum resources (mru.computevalue:61)
[2017-12-22 10:10:17. 52] [DEBUG   ] --- saved results in /Users/jacopo/Dropbox/University-ComputerEngineering/Thesis/mru_securitygame/mru/../file/results/res_graphs_10_ntgts/res_instance_ntgts_10_den_25_dead_3_graphix_2_ix_3.pickle (mru.iomanager:121)
[2017-12-22 10:10:17. 53] [DEBUG   ] --- END computation for graph 10 3 2 (__main__:64)
[2017-12-22 10:10:17.618] [DEBUG   ] --- START computation for graph 10 3 3 (__main__:57)
[2017-12-22 10:10:17.618] [DEBUG   ] --- start compute_values function (mru.computevalue:38)
[2017-12-22 10:10:17.619] [DEBUG   ] --- compute shortest sets (mru.computevalue:50)
[2017-12-22 10:10:17.621] [DEBUG   ] --- compute covering routes (mru.computevalue:52)
[2017-12-22 10:10:17.751] [DEBUG   ] --- compute solution with maximum resources (mru.computevalue:56)
[2017-12-22 10:10:17.764] [DEBUG   ] --- compute solution with minimum resources (mru.computevalue:61)
[2017-12-22 10:10:17.810] [DEBUG   ] --- compute solution for different dispositions of minimum resources (mru.computevalue:70)
[2017-12-22 10:10:17.889] [DEBUG   ] --- compute solution with 4 resources (mru.computevalue:80)
[2017-12-22 10:10:17.953] [DEBUG   ] --- compute solution for different disposition of 4 resources (mru.computevalue:88)
[2017-12-22 10:10:18.503] [DEBUG   ] --- saved results in /Users/jacopo/Dropbox/University-ComputerEngineering/Thesis/mru_securitygame/mru/../file/results/res_graphs_10_ntgts/res_instance_ntgts_10_den_25_dead_3_graphix_3_ix_3.pickle (mru.iomanager:121)
[2017-12-22 10:10:18.503] [DEBUG   ] --- END computation for graph 10 3 3 (__main__:64)
[2017-12-22 10:10:19.129] [DEBUG   ] --- START computation for graph 20 3 0 (__main__:57)
[2017-12-22 10:10:19.129] [DEBUG   ] --- start compute_values function (mru.computevalue:38)
[2017-12-22 10:10:19.129] [DEBUG   ] --- compute shortest sets (mru.computevalue:50)
[2017-12-22 10:10:19.135] [DEBUG   ] --- compute covering routes (mru.computevalue:52)
[2017-12-22 10:10:30.174] [DEBUG   ] --- compute solution with maximum resources (mru.computevalue:56)
[2017-12-22 10:10:30.381] [DEBUG   ] --- compute solution with minimum resources (mru.computevalue:61)
[2017-12-22 10:10:30.398] [DEBUG   ] --- saved results in /Users/jacopo/Dropbox/University-ComputerEngineering/Thesis/mru_securitygame/mru/../file/results/res_graphs_20_ntgts/res_instance_ntgts_20_den_25_dead_3_graphix_0_ix_1.pickle (mru.iomanager:121)
[2017-12-22 10:10:30.398] [DEBUG   ] --- END computation for graph 20 3 0 (__main__:64)
[2017-12-22 15:36:27.315] [DEBUG   ] --- START computation for graph 10 3 0 (__main__:57)
[2017-12-22 15:36:27.315] [DEBUG   ] --- start compute_values function (mru.computevalue:44)
[2017-12-22 15:36:27.315] [DEBUG   ] --- compute shortest sets (mru.computevalue:57)
[2017-12-22 15:36:27.317] [DEBUG   ] --- compute covering routes (mru.computevalue:61)
[2017-12-22 15:36:27.411] [DEBUG   ] --- compute solution with maximum resources (mru.computevalue:67)
[2017-12-22 15:36:27.424] [DEBUG   ] --- compute solution with minimum resources (mru.computevalue:74)
[2017-12-22 15:36:27.461] [DEBUG   ] --- compute solution for different dispositions of minimum resources (mru.computevalue:87)
[2017-12-22 15:36:27.498] [DEBUG   ] --- saved results in /Users/jacopo/Dropbox/University-ComputerEngineering/Thesis/mru_securitygame/mru/../file/results/res_graphs_10_ntgts/res_instance_ntgts_10_den_25_dead_3_graphix_0_ix_4.pickle (mru.iomanager:121)
[2017-12-22 15:36:27.498] [DEBUG   ] --- END computation for graph 10 3 0 (__main__:64)
[2017-12-22 15:36:28. 44] [DEBUG   ] --- START computation for graph 10 3 1 (__main__:57)
[2017-12-22 15:36:28. 44] [DEBUG   ] --- start compute_values function (mru.computevalue:44)
[2017-12-22 15:36:28. 44] [DEBUG   ] --- compute shortest sets (mru.computevalue:57)
[2017-12-22 15:36:28. 46] [DEBUG   ] --- compute covering routes (mru.computevalue:61)
[2017-12-22 15:36:28.253] [DEBUG   ] --- compute solution with maximum resources (mru.computevalue:67)
[2017-12-22 15:36:28.268] [DEBUG   ] --- compute solution with minimum resources (mru.computevalue:74)
[2017-12-22 15:36:28.519] [DEBUG   ] --- compute solution for different dispositions of minimum resources (mru.computevalue:87)
[2017-12-22 15:36:28.616] [DEBUG   ] --- saved results in /Users/jacopo/Dropbox/University-ComputerEngineering/Thesis/mru_securitygame/mru/../file/results/res_graphs_10_ntgts/res_instance_ntgts_10_den_25_dead_3_graphix_1_ix_4.pickle (mru.iomanager:121)
[2017-12-22 15:36:28.616] [DEBUG   ] --- END computation for graph 10 3 1 (__main__:64)
[2017-12-22 15:36:29.260] [DEBUG   ] --- START computation for graph 10 3 2 (__main__:57)
[2017-12-22 15:36:29.260] [DEBUG   ] --- start compute_values function (mru.computevalue:44)
[2017-12-22 15:36:29.261] [DEBUG   ] --- compute shortest sets (mru.computevalue:57)
[2017-12-22 15:36:29.263] [DEBUG   ] --- compute covering routes (mru.computevalue:61)
[2017-12-22 15:36:29.407] [DEBUG   ] --- compute solution with maximum resources (mru.computevalue:67)
[2017-12-22 15:36:29.418] [DEBUG   ] --- compute solution with minimum resources (mru.computevalue:74)
[2017-12-22 15:36:29.424] [DEBUG   ] --- saved results in /Users/jacopo/Dropbox/University-ComputerEngineering/Thesis/mru_securitygame/mru/../file/results/res_graphs_10_ntgts/res_instance_ntgts_10_den_25_dead_3_graphix_2_ix_4.pickle (mru.iomanager:121)
[2017-12-22 15:36:29.424] [DEBUG   ] --- END computation for graph 10 3 2 (__main__:64)
[2017-12-22 15:36:30.  1] [DEBUG   ] --- START computation for graph 10 3 3 (__main__:57)
[2017-12-22 15:36:30.  1] [DEBUG   ] --- start compute_values function (mru.computevalue:44)
[2017-12-22 15:36:30.  1] [DEBUG   ] --- compute shortest sets (mru.computevalue:57)
[2017-12-22 15:36:30.  3] [DEBUG   ] --- compute covering routes (mru.computevalue:61)
[2017-12-22 15:36:30.137] [DEBUG   ] --- compute solution with maximum resources (mru.computevalue:67)
[2017-12-22 15:36:30.148] [DEBUG   ] --- compute solution with minimum resources (mru.computevalue:74)
[2017-12-22 15:36:30.193] [DEBUG   ] --- compute solution for different dispositions of minimum resources (mru.computevalue:87)
[2017-12-22 15:36:30.267] [DEBUG   ] --- compute solution with 4 resources (mru.computevalue:98)
[2017-12-22 15:36:30.320] [DEBUG   ] --- compute solution for different disposition of 4 resources (mru.computevalue:110)
[2017-12-22 15:36:30.969] [DEBUG   ] --- saved results in /Users/jacopo/Dropbox/University-ComputerEngineering/Thesis/mru_securitygame/mru/../file/results/res_graphs_10_ntgts/res_instance_ntgts_10_den_25_dead_3_graphix_3_ix_4.pickle (mru.iomanager:121)
[2017-12-22 15:36:30.969] [DEBUG   ] --- END computation for graph 10 3 3 (__main__:64)
[2017-12-22 15:36:31.526] [DEBUG   ] --- START computation for graph 20 3 0 (__main__:57)
[2017-12-22 15:36:31.526] [DEBUG   ] --- start compute_values function (mru.computevalue:44)
[2017-12-22 15:36:31.526] [DEBUG   ] --- compute shortest sets (mru.computevalue:57)
[2017-12-22 15:36:31.532] [DEBUG   ] --- compute covering routes (mru.computevalue:61)
[2017-12-22 15:36:43.397] [DEBUG   ] --- compute solution with maximum resources (mru.computevalue:67)
[2017-12-22 15:36:43.596] [DEBUG   ] --- compute solution with minimum resources (mru.computevalue:74)
[2017-12-22 15:36:43.614] [DEBUG   ] --- saved results in /Users/jacopo/Dropbox/University-ComputerEngineering/Thesis/mru_securitygame/mru/../file/results/res_graphs_20_ntgts/res_instance_ntgts_20_den_25_dead_3_graphix_0_ix_2.pickle (mru.iomanager:121)
[2017-12-22 15:36:43.614] [DEBUG   ] --- END computation for graph 20 3 0 (__main__:64)
[2017-12-22 15:37:06.186] [DEBUG   ] --- START computation for graph 10 3 0 (__main__:57)
[2017-12-22 15:37:06.186] [DEBUG   ] --- start compute_values function (mru.computevalue:44)
[2017-12-22 15:37:06.186] [DEBUG   ] --- compute shortest sets (mru.computevalue:57)
[2017-12-22 15:37:06.188] [DEBUG   ] --- compute covering routes (mru.computevalue:61)
[2017-12-22 15:37:06.287] [DEBUG   ] --- compute solution with maximum resources (mru.computevalue:67)
[2017-12-22 15:37:06.296] [DEBUG   ] --- compute solution with minimum resources (mru.computevalue:74)
[2017-12-22 15:37:06.323] [DEBUG   ] --- compute solution for different dispositions of minimum resources (mru.computevalue:87)
[2017-12-22 15:37:06.350] [DEBUG   ] --- saved results in /Users/jacopo/Dropbox/University-ComputerEngineering/Thesis/mru_securitygame/mru/../file/results/res_graphs_10_ntgts/res_instance_ntgts_10_den_25_dead_3_graphix_0_ix_0.pickle (mru.iomanager:121)
[2017-12-22 15:37:06.351] [DEBUG   ] --- END computation for graph 10 3 0 (__main__:64)
[2017-12-22 15:37:06.946] [DEBUG   ] --- START computation for graph 10 3 1 (__main__:57)
[2017-12-22 15:37:06.947] [DEBUG   ] --- start compute_values function (mru.computevalue:44)
[2017-12-22 15:37:06.947] [DEBUG   ] --- compute shortest sets (mru.computevalue:57)
[2017-12-22 15:37:06.949] [DEBUG   ] --- compute covering routes (mru.computevalue:61)
[2017-12-22 15:37:07.147] [DEBUG   ] --- compute solution with maximum resources (mru.computevalue:67)
[2017-12-22 15:37:07.163] [DEBUG   ] --- compute solution with minimum resources (mru.computevalue:74)
[2017-12-22 15:37:07.488] [DEBUG   ] --- compute solution for different dispositions of minimum resources (mru.computevalue:87)
[2017-12-22 15:37:07.645] [DEBUG   ] --- saved results in /Users/jacopo/Dropbox/University-ComputerEngineering/Thesis/mru_securitygame/mru/../file/results/res_graphs_10_ntgts/res_instance_ntgts_10_den_25_dead_3_graphix_1_ix_0.pickle (mru.iomanager:121)
[2017-12-22 15:37:07.645] [DEBUG   ] --- END computation for graph 10 3 1 (__main__:64)
[2017-12-22 15:37:08.217] [DEBUG   ] --- START computation for graph 10 3 2 (__main__:57)
[2017-12-22 15:37:08.217] [DEBUG   ] --- start compute_values function (mru.computevalue:44)
[2017-12-22 15:37:08.217] [DEBUG   ] --- compute shortest sets (mru.computevalue:57)
[2017-12-22 15:37:08.219] [DEBUG   ] --- compute covering routes (mru.computevalue:61)
[2017-12-22 15:37:08.362] [DEBUG   ] --- compute solution with maximum resources (mru.computevalue:67)
[2017-12-22 15:37:08.374] [DEBUG   ] --- compute solution with minimum resources (mru.computevalue:74)
[2017-12-22 15:37:08.379] [DEBUG   ] --- saved results in /Users/jacopo/Dropbox/University-ComputerEngineering/Thesis/mru_securitygame/mru/../file/results/res_graphs_10_ntgts/res_instance_ntgts_10_den_25_dead_3_graphix_2_ix_0.pickle (mru.iomanager:121)
[2017-12-22 15:37:08.379] [DEBUG   ] --- END computation for graph 10 3 2 (__main__:64)
[2017-12-22 15:37:08.921] [DEBUG   ] --- START computation for graph 10 3 3 (__main__:57)
[2017-12-22 15:37:08.921] [DEBUG   ] --- start compute_values function (mru.computevalue:44)
[2017-12-22 15:37:08.921] [DEBUG   ] --- compute shortest sets (mru.computevalue:57)
[2017-12-22 15:37:08.923] [DEBUG   ] --- compute covering routes (mru.computevalue:61)
[2017-12-22 15:37:09. 55] [DEBUG   ] --- compute solution with maximum resources (mru.computevalue:67)
[2017-12-22 15:37:09. 66] [DEBUG   ] --- compute solution with minimum resources (mru.computevalue:74)
[2017-12-22 15:37:09.107] [DEBUG   ] --- compute solution for different dispositions of minimum resources (mru.computevalue:87)
[2017-12-22 15:37:09.158] [DEBUG   ] --- compute solution with 4 resources (mru.computevalue:98)
[2017-12-22 15:37:09.223] [DEBUG   ] --- compute solution for different disposition of 4 resources (mru.computevalue:110)
[2017-12-22 15:37:09.760] [DEBUG   ] --- saved results in /Users/jacopo/Dropbox/University-ComputerEngineering/Thesis/mru_securitygame/mru/../file/results/res_graphs_10_ntgts/res_instance_ntgts_10_den_25_dead_3_graphix_3_ix_0.pickle (mru.iomanager:121)
[2017-12-22 15:37:09.760] [DEBUG   ] --- END computation for graph 10 3 3 (__main__:64)
[2017-12-22 15:37:10.384] [DEBUG   ] --- START computation for graph 20 3 0 (__main__:57)
[2017-12-22 15:37:10.385] [DEBUG   ] --- start compute_values function (mru.computevalue:44)
[2017-12-22 15:37:10.385] [DEBUG   ] --- compute shortest sets (mru.computevalue:57)
[2017-12-22 15:37:10.389] [DEBUG   ] --- compute covering routes (mru.computevalue:61)
[2017-12-22 15:37:22.533] [DEBUG   ] --- compute solution with maximum resources (mru.computevalue:67)
[2017-12-22 15:37:22.737] [DEBUG   ] --- compute solution with minimum resources (mru.computevalue:74)
[2017-12-22 15:37:22.753] [DEBUG   ] --- saved results in /Users/jacopo/Dropbox/University-ComputerEngineering/Thesis/mru_securitygame/mru/../file/results/res_graphs_20_ntgts/res_instance_ntgts_20_den_25_dead_3_graphix_0_ix_0.pickle (mru.iomanager:121)
[2017-12-22 15:37:22.753] [DEBUG   ] --- END computation for graph 20 3 0 (__main__:64)
[2017-12-22 15:47:15.141] [DEBUG   ] --- START computation for graph 10 3 0 (__main__:57)
[2017-12-22 15:47:15.143] [DEBUG   ] --- start compute_values function (mru.computevalue:44)
[2017-12-22 15:47:15.143] [DEBUG   ] --- compute shortest sets (mru.computevalue:56)
[2017-12-22 15:47:15.145] [DEBUG   ] --- compute covering routes (mru.computevalue:60)
[2017-12-22 15:47:15.246] [DEBUG   ] --- compute solution with maximum resources (mru.computevalue:66)
[2017-12-22 15:47:15.257] [DEBUG   ] --- compute solution with minimum resources (mru.computevalue:73)
[2017-12-22 15:47:15.296] [DEBUG   ] --- compute solution for different dispositions of minimum resources (mru.computevalue:86)
[2017-12-22 15:47:15.324] [DEBUG   ] --- saved results in /Users/jacopo/Dropbox/University-ComputerEngineering/Thesis/mru_securitygame/mru/../file/results/res_graphs_10_ntgts/res_instance_ntgts_10_den_25_dead_3_graphix_0_ix_0.pickle (mru.iomanager:121)
[2017-12-22 15:47:15.324] [DEBUG   ] --- END computation for graph 10 3 0 (__main__:64)
[2017-12-22 15:47:15.967] [DEBUG   ] --- START computation for graph 10 3 1 (__main__:57)
[2017-12-22 15:47:15.967] [DEBUG   ] --- start compute_values function (mru.computevalue:44)
[2017-12-22 15:47:15.968] [DEBUG   ] --- compute shortest sets (mru.computevalue:56)
[2017-12-22 15:47:15.970] [DEBUG   ] --- compute covering routes (mru.computevalue:60)
[2017-12-22 15:47:16.175] [DEBUG   ] --- compute solution with maximum resources (mru.computevalue:66)
[2017-12-22 15:47:16.197] [DEBUG   ] --- compute solution with minimum resources (mru.computevalue:73)
[2017-12-22 15:47:16.483] [DEBUG   ] --- compute solution for different dispositions of minimum resources (mru.computevalue:86)
[2017-12-22 15:47:16.549] [DEBUG   ] --- saved results in /Users/jacopo/Dropbox/University-ComputerEngineering/Thesis/mru_securitygame/mru/../file/results/res_graphs_10_ntgts/res_instance_ntgts_10_den_25_dead_3_graphix_1_ix_0.pickle (mru.iomanager:121)
[2017-12-22 15:47:16.549] [DEBUG   ] --- END computation for graph 10 3 1 (__main__:64)
[2017-12-22 15:47:17.161] [DEBUG   ] --- START computation for graph 10 3 2 (__main__:57)
[2017-12-22 15:47:17.161] [DEBUG   ] --- start compute_values function (mru.computevalue:44)
[2017-12-22 15:47:17.161] [DEBUG   ] --- compute shortest sets (mru.computevalue:56)
[2017-12-22 15:47:17.164] [DEBUG   ] --- compute covering routes (mru.computevalue:60)
[2017-12-22 15:47:17.309] [DEBUG   ] --- compute solution with maximum resources (mru.computevalue:66)
[2017-12-22 15:47:17.320] [DEBUG   ] --- compute solution with minimum resources (mru.computevalue:73)
[2017-12-22 15:47:17.326] [DEBUG   ] --- saved results in /Users/jacopo/Dropbox/University-ComputerEngineering/Thesis/mru_securitygame/mru/../file/results/res_graphs_10_ntgts/res_instance_ntgts_10_den_25_dead_3_graphix_2_ix_0.pickle (mru.iomanager:121)
[2017-12-22 15:47:17.326] [DEBUG   ] --- END computation for graph 10 3 2 (__main__:64)
[2017-12-22 15:47:17.909] [DEBUG   ] --- START computation for graph 10 3 3 (__main__:57)
[2017-12-22 15:47:17.909] [DEBUG   ] --- start compute_values function (mru.computevalue:44)
[2017-12-22 15:47:17.909] [DEBUG   ] --- compute shortest sets (mru.computevalue:56)
[2017-12-22 15:47:17.913] [DEBUG   ] --- compute covering routes (mru.computevalue:60)
[2017-12-22 15:47:18. 84] [DEBUG   ] --- compute solution with maximum resources (mru.computevalue:66)
[2017-12-22 15:47:18. 95] [DEBUG   ] --- compute solution with minimum resources (mru.computevalue:73)
[2017-12-22 15:47:18.138] [DEBUG   ] --- compute solution for different dispositions of minimum resources (mru.computevalue:86)
[2017-12-22 15:47:18.218] [DEBUG   ] --- compute solution with 4 resources (mru.computevalue:97)
[2017-12-22 15:47:18.287] [DEBUG   ] --- compute solution for different disposition of 4 resources (mru.computevalue:109)
[2017-12-22 15:47:18.904] [DEBUG   ] --- saved results in /Users/jacopo/Dropbox/University-ComputerEngineering/Thesis/mru_securitygame/mru/../file/results/res_graphs_10_ntgts/res_instance_ntgts_10_den_25_dead_3_graphix_3_ix_0.pickle (mru.iomanager:121)
[2017-12-22 15:47:18.904] [DEBUG   ] --- END computation for graph 10 3 3 (__main__:64)
[2017-12-22 15:47:19.495] [DEBUG   ] --- START computation for graph 20 3 0 (__main__:57)
[2017-12-22 15:47:19.495] [DEBUG   ] --- start compute_values function (mru.computevalue:44)
[2017-12-22 15:47:19.495] [DEBUG   ] --- compute shortest sets (mru.computevalue:56)
[2017-12-22 15:47:19.499] [DEBUG   ] --- compute covering routes (mru.computevalue:60)
[2017-12-22 15:47:31.398] [DEBUG   ] --- compute solution with maximum resources (mru.computevalue:66)
[2017-12-22 15:47:31.592] [DEBUG   ] --- compute solution with minimum resources (mru.computevalue:73)
[2017-12-22 15:47:31.609] [DEBUG   ] --- saved results in /Users/jacopo/Dropbox/University-ComputerEngineering/Thesis/mru_securitygame/mru/../file/results/res_graphs_20_ntgts/res_instance_ntgts_20_den_25_dead_3_graphix_0_ix_0.pickle (mru.iomanager:121)
[2017-12-22 15:47:31.609] [DEBUG   ] --- END computation for graph 20 3 0 (__main__:64)
[2017-12-22 15:52:47.275] [DEBUG   ] --- START computation for graph 10 3 0 (__main__:57)
[2017-12-22 15:52:47.276] [DEBUG   ] --- start compute_values function (mru.computevalue:44)
[2017-12-22 15:52:47.277] [DEBUG   ] --- compute shortest sets (mru.computevalue:56)
[2017-12-22 15:52:47.279] [DEBUG   ] --- compute covering routes (mru.computevalue:60)
[2017-12-22 15:52:47.379] [DEBUG   ] --- compute solution with maximum resources (mru.computevalue:66)
[2017-12-22 15:52:47.391] [DEBUG   ] --- compute solution with minimum resources (mru.computevalue:73)
[2017-12-22 15:52:47.418] [DEBUG   ] --- compute solution for different dispositions of minimum resources (mru.computevalue:86)
[2017-12-22 15:52:47.445] [DEBUG   ] --- saved results in /Users/jacopo/Dropbox/University-ComputerEngineering/Thesis/mru_securitygame/mru/../file/results/res_graphs_10_ntgts/res_instance_ntgts_10_den_25_dead_3_graphix_0_ix_1.pickle (mru.iomanager:121)
[2017-12-22 15:52:47.445] [DEBUG   ] --- END computation for graph 10 3 0 (__main__:64)
[2017-12-22 15:52:48. 68] [DEBUG   ] --- START computation for graph 10 3 1 (__main__:57)
[2017-12-22 15:52:48. 68] [DEBUG   ] --- start compute_values function (mru.computevalue:44)
[2017-12-22 15:52:48. 68] [DEBUG   ] --- compute shortest sets (mru.computevalue:56)
[2017-12-22 15:52:48. 70] [DEBUG   ] --- compute covering routes (mru.computevalue:60)
[2017-12-22 15:52:48.282] [DEBUG   ] --- compute solution with maximum resources (mru.computevalue:66)
[2017-12-22 15:52:48.299] [DEBUG   ] --- compute solution with minimum resources (mru.computevalue:73)
[2017-12-22 15:52:48.596] [DEBUG   ] --- compute solution for different dispositions of minimum resources (mru.computevalue:86)
[2017-12-22 15:52:48.699] [DEBUG   ] --- saved results in /Users/jacopo/Dropbox/University-ComputerEngineering/Thesis/mru_securitygame/mru/../file/results/res_graphs_10_ntgts/res_instance_ntgts_10_den_25_dead_3_graphix_1_ix_1.pickle (mru.iomanager:121)
[2017-12-22 15:52:48.699] [DEBUG   ] --- END computation for graph 10 3 1 (__main__:64)
[2017-12-22 15:52:49.250] [DEBUG   ] --- START computation for graph 10 3 2 (__main__:57)
[2017-12-22 15:52:49.251] [DEBUG   ] --- start compute_values function (mru.computevalue:44)
[2017-12-22 15:52:49.251] [DEBUG   ] --- compute shortest sets (mru.computevalue:56)
[2017-12-22 15:52:49.253] [DEBUG   ] --- compute covering routes (mru.computevalue:60)
[2017-12-22 15:52:49.403] [DEBUG   ] --- compute solution with maximum resources (mru.computevalue:66)
[2017-12-22 15:52:49.415] [DEBUG   ] --- compute solution with minimum resources (mru.computevalue:73)
[2017-12-22 15:52:49.421] [DEBUG   ] --- saved results in /Users/jacopo/Dropbox/University-ComputerEngineering/Thesis/mru_securitygame/mru/../file/results/res_graphs_10_ntgts/res_instance_ntgts_10_den_25_dead_3_graphix_2_ix_1.pickle (mru.iomanager:121)
[2017-12-22 15:52:49.421] [DEBUG   ] --- END computation for graph 10 3 2 (__main__:64)
[2017-12-22 15:52:49.994] [DEBUG   ] --- START computation for graph 10 3 3 (__main__:57)
[2017-12-22 15:52:49.994] [DEBUG   ] --- start compute_values function (mru.computevalue:44)
[2017-12-22 15:52:49.994] [DEBUG   ] --- compute shortest sets (mru.computevalue:56)
[2017-12-22 15:52:49.996] [DEBUG   ] --- compute covering routes (mru.computevalue:60)
[2017-12-22 15:52:50.137] [DEBUG   ] --- compute solution with maximum resources (mru.computevalue:66)
[2017-12-22 15:52:50.149] [DEBUG   ] --- compute solution with minimum resources (mru.computevalue:73)
[2017-12-22 15:52:50.191] [DEBUG   ] --- compute solution for different dispositions of minimum resources (mru.computevalue:86)
[2017-12-22 15:52:50.268] [DEBUG   ] --- compute solution with 4 resources (mru.computevalue:97)
[2017-12-22 15:52:50.336] [DEBUG   ] --- compute solution for different disposition of 4 resources (mru.computevalue:109)
[2017-12-22 15:52:50.888] [DEBUG   ] --- saved results in /Users/jacopo/Dropbox/University-ComputerEngineering/Thesis/mru_securitygame/mru/../file/results/res_graphs_10_ntgts/res_instance_ntgts_10_den_25_dead_3_graphix_3_ix_1.pickle (mru.iomanager:121)
[2017-12-22 15:52:50.888] [DEBUG   ] --- END computation for graph 10 3 3 (__main__:64)
[2017-12-22 15:52:51.539] [DEBUG   ] --- START computation for graph 20 3 0 (__main__:57)
[2017-12-22 15:52:51.540] [DEBUG   ] --- start compute_values function (mru.computevalue:44)
[2017-12-22 15:52:51.540] [DEBUG   ] --- compute shortest sets (mru.computevalue:56)
[2017-12-22 15:52:51.543] [DEBUG   ] --- compute covering routes (mru.computevalue:60)
[2017-12-22 15:54:03.416] [DEBUG   ] --- START computation for graph 10 3 0 (__main__:57)
[2017-12-22 15:54:03.417] [DEBUG   ] --- start compute_values function (mru.computevalue:44)
[2017-12-22 15:54:03.417] [DEBUG   ] --- compute shortest sets (mru.computevalue:56)
[2017-12-22 15:54:03.419] [DEBUG   ] --- compute covering routes (mru.computevalue:60)
[2017-12-22 15:54:03.523] [DEBUG   ] --- compute solution with maximum resources (mru.computevalue:66)
[2017-12-22 15:54:03.532] [DEBUG   ] --- compute solution with minimum resources (mru.computevalue:73)
[2017-12-22 15:54:03.584] [DEBUG   ] --- compute solution for different dispositions of minimum resources (mru.computevalue:86)
[2017-12-22 15:54:03.610] [DEBUG   ] --- saved results in /Users/jacopo/Dropbox/University-ComputerEngineering/Thesis/mru_securitygame/mru/../file/results/res_graphs_10_ntgts/res_instance_ntgts_10_den_25_dead_3_graphix_0_ix_2.pickle (mru.iomanager:121)
[2017-12-22 15:54:03.610] [DEBUG   ] --- END computation for graph 10 3 0 (__main__:64)
[2017-12-22 15:54:04.237] [DEBUG   ] --- START computation for graph 10 3 1 (__main__:57)
[2017-12-22 15:54:04.237] [DEBUG   ] --- start compute_values function (mru.computevalue:44)
[2017-12-22 15:54:04.237] [DEBUG   ] --- compute shortest sets (mru.computevalue:56)
[2017-12-22 15:54:04.239] [DEBUG   ] --- compute covering routes (mru.computevalue:60)
[2017-12-22 15:54:04.437] [DEBUG   ] --- compute solution with maximum resources (mru.computevalue:66)
[2017-12-22 15:54:04.456] [DEBUG   ] --- compute solution with minimum resources (mru.computevalue:73)
[2017-12-22 15:54:04.732] [DEBUG   ] --- compute solution for different dispositions of minimum resources (mru.computevalue:86)
[2017-12-22 15:54:04.840] [DEBUG   ] --- saved results in /Users/jacopo/Dropbox/University-ComputerEngineering/Thesis/mru_securitygame/mru/../file/results/res_graphs_10_ntgts/res_instance_ntgts_10_den_25_dead_3_graphix_1_ix_2.pickle (mru.iomanager:121)
[2017-12-22 15:54:04.840] [DEBUG   ] --- END computation for graph 10 3 1 (__main__:64)
[2017-12-22 15:54:05.522] [DEBUG   ] --- START computation for graph 10 3 2 (__main__:57)
[2017-12-22 15:54:05.522] [DEBUG   ] --- start compute_values function (mru.computevalue:44)
[2017-12-22 15:54:05.522] [DEBUG   ] --- compute shortest sets (mru.computevalue:56)
[2017-12-22 15:54:05.524] [DEBUG   ] --- compute covering routes (mru.computevalue:60)
[2017-12-22 15:54:05.686] [DEBUG   ] --- compute solution with maximum resources (mru.computevalue:66)
[2017-12-22 15:54:05.698] [DEBUG   ] --- compute solution with minimum resources (mru.computevalue:73)
[2017-12-22 15:54:05.703] [DEBUG   ] --- saved results in /Users/jacopo/Dropbox/University-ComputerEngineering/Thesis/mru_securitygame/mru/../file/results/res_graphs_10_ntgts/res_instance_ntgts_10_den_25_dead_3_graphix_2_ix_2.pickle (mru.iomanager:121)
[2017-12-22 15:54:05.704] [DEBUG   ] --- END computation for graph 10 3 2 (__main__:64)
[2017-12-22 15:54:06.280] [DEBUG   ] --- START computation for graph 10 3 3 (__main__:57)
[2017-12-22 15:54:06.280] [DEBUG   ] --- start compute_values function (mru.computevalue:44)
[2017-12-22 15:54:06.280] [DEBUG   ] --- compute shortest sets (mru.computevalue:56)
[2017-12-22 15:54:06.282] [DEBUG   ] --- compute covering routes (mru.computevalue:60)
[2017-12-22 15:54:06.422] [DEBUG   ] --- compute solution with maximum resources (mru.computevalue:66)
[2017-12-22 15:54:06.433] [DEBUG   ] --- compute solution with minimum resources (mru.computevalue:73)
[2017-12-22 15:54:06.463] [DEBUG   ] --- compute solution for different dispositions of minimum resources (mru.computevalue:86)
[2017-12-22 15:54:06.543] [DEBUG   ] --- compute solution with 4 resources (mru.computevalue:97)
[2017-12-22 15:54:06.614] [DEBUG   ] --- compute solution for different disposition of 4 resources (mru.computevalue:109)
[2017-12-22 15:54:07.121] [DEBUG   ] --- saved results in /Users/jacopo/Dropbox/University-ComputerEngineering/Thesis/mru_securitygame/mru/../file/results/res_graphs_10_ntgts/res_instance_ntgts_10_den_25_dead_3_graphix_3_ix_2.pickle (mru.iomanager:121)
[2017-12-22 15:54:07.122] [DEBUG   ] --- END computation for graph 10 3 3 (__main__:64)
[2017-12-22 15:54:07.682] [DEBUG   ] --- START computation for graph 20 3 0 (__main__:57)
[2017-12-22 15:54:07.682] [DEBUG   ] --- start compute_values function (mru.computevalue:44)
[2017-12-22 15:54:07.683] [DEBUG   ] --- compute shortest sets (mru.computevalue:56)
[2017-12-22 15:54:07.686] [DEBUG   ] --- compute covering routes (mru.computevalue:60)
[2017-12-22 15:54:10.564] [ERROR   ] ---  (mru.computevalue:137)
Traceback (most recent call last):
  File "/Users/jacopo/Dropbox/University-ComputerEngineering/Thesis/mru_securitygame/mru/computevalue.py", line 62, in compute_values
    csr = compute_covering_routes(graph, tgts, rm_dominated=rm_dominated)
  File "/Users/jacopo/Dropbox/University-ComputerEngineering/Thesis/mru_securitygame/mru/computevalue.py", line 215, in compute_covering_routes
    covset = cs.computeCovSet(graph_game, ver, targets)
  File "/Users/jacopo/Dropbox/University-ComputerEngineering/Thesis/mru_securitygame/mru/srg/computecovsets.py", line 73, in computeCovSet
    C = purgeDominatedStrategies(C, i+1);
  File "/Users/jacopo/Dropbox/University-ComputerEngineering/Thesis/mru_securitygame/mru/srg/computecovsets.py", line 97, in purgeDominatedStrategies
    condition2 = np.array_equal(np.sort(routes[n]), np.sort(routes[m])); # we want that the routes contains the same elements
  File "/Users/jacopo/miniconda3/envs/th/lib/python2.7/site-packages/numpy/core/numeric.py", line 2602, in array_equal
    if a1.shape != a2.shape:
KeyboardInterrupt
[2017-12-22 15:54:10.567] [DEBUG   ] --- saved results in /Users/jacopo/Dropbox/University-ComputerEngineering/Thesis/mru_securitygame/mru/../file/results/res_graphs_20_ntgts/res_instance_ntgts_20_den_25_dead_3_graphix_0_ix_1.pickle (mru.iomanager:121)
[2017-12-22 15:54:10.568] [DEBUG   ] --- END computation for graph 20 3 0 (__main__:64)
[2017-12-24 10:00:48.126] [DEBUG   ] --- START computation for graph 20 4 0 (__main__:57)
[2017-12-24 10:00:48.128] [DEBUG   ] --- start compute_values function (mru.computevalue:44)
[2017-12-24 10:00:48.128] [DEBUG   ] --- compute shortest sets (mru.computevalue:56)
[2017-12-24 10:00:48.145] [DEBUG   ] --- compute covering routes (mru.computevalue:60)
[2017-12-24 10:00:51. 95] [DEBUG   ] --- compute solution with maximum resources (mru.computevalue:66)
[2017-12-24 10:00:51.209] [DEBUG   ] --- compute solution with minimum resources (mru.computevalue:73)
[2017-12-24 10:00:51.505] [DEBUG   ] --- compute solution for different dispositions of minimum resources (mru.computevalue:86)
[2017-12-24 10:00:53.827] [DEBUG   ] --- compute solution with 3 resources (mru.computevalue:97)
[2017-12-24 10:00:54. 83] [DEBUG   ] --- compute solution for different disposition of 3 resources (mru.computevalue:109)
[2017-12-24 10:00:56.548] [DEBUG   ] --- compute solution with 4 resources (mru.computevalue:97)
[2017-12-24 10:00:56.898] [DEBUG   ] --- compute solution for different disposition of 4 resources (mru.computevalue:109)
[2017-12-24 10:00:59.568] [DEBUG   ] --- saved results in /Users/jacopo/Dropbox/University-ComputerEngineering/Thesis/mru_securitygame/mru/../file/results/res_graphs_20_ntgts/res_instance_ntgts_20_den_10_dead_4_graphix_0_ix_0.pickle (mru.iomanager:121)
[2017-12-24 10:00:59.568] [DEBUG   ] --- END computation for graph 20 4 0 (__main__:64)
[2017-12-24 10:04:48. 68] [DEBUG   ] --- START computation for graph 20 5 0.10 0 (__main__:58)
[2017-12-24 10:04:48. 69] [DEBUG   ] --- start compute_values function (mru.computevalue:44)
[2017-12-24 10:04:48. 69] [DEBUG   ] --- compute shortest sets (mru.computevalue:56)
[2017-12-24 10:04:48. 73] [DEBUG   ] --- compute covering routes (mru.computevalue:60)
[2017-12-24 10:04:55.227] [DEBUG   ] --- compute solution with maximum resources (mru.computevalue:66)
[2017-12-24 10:04:55.338] [DEBUG   ] --- compute solution with minimum resources (mru.computevalue:73)
[2017-12-24 10:04:55.871] [DEBUG   ] --- compute solution for different dispositions of minimum resources (mru.computevalue:86)
[2017-12-24 10:04:57.969] [DEBUG   ] --- compute solution with 3 resources (mru.computevalue:97)
[2017-12-24 10:04:59.149] [DEBUG   ] --- compute solution for different disposition of 3 resources (mru.computevalue:109)
[2017-12-24 10:05:01.770] [DEBUG   ] --- saved results in /Users/jacopo/Dropbox/University-ComputerEngineering/Thesis/mru_securitygame/mru/../file/results/res_graphs_20_ntgts/res_instance_ntgts_20_den_10_dead_5_graphix_0_ix_0.pickle (mru.iomanager:121)
[2017-12-24 10:05:01.770] [DEBUG   ] --- END computation for graph 20 5 0.10 0 (__main__:66)
