[2017-12-22 16:35:41.659] [DEBUG   ] --- START computation for graph 20 4 9 (__main__:57)
[2017-12-22 16:35:41.659] [DEBUG   ] --- start compute_values function (mru.computevalue:44)
[2017-12-22 16:35:41.660] [DEBUG   ] --- compute shortest sets (mru.computevalue:56)
[2017-12-22 16:35:41.666] [DEBUG   ] --- compute covering routes (mru.computevalue:60)
[2017-12-22 17:27:54.276] [DEBUG   ] --- compute solution with maximum resources (mru.computevalue:66)
[2017-12-22 17:27:59.211] [DEBUG   ] --- compute solution with minimum resources (mru.computevalue:73)
[2017-12-22 17:28:03. 67] [DEBUG   ] --- compute solution for different dispositions of minimum resources (mru.computevalue:86)
[2017-12-22 17:28:53.511] [DEBUG   ] --- compute solution with 2 resources (mru.computevalue:97)
[2017-12-22 17:29:20.  8] [DEBUG   ] --- compute solution for different disposition of 2 resources (mru.computevalue:109)
[2017-12-22 17:33:08.704] [DEBUG   ] --- compute solution with 3 resources (mru.computevalue:97)
[2017-12-22 17:34:56.232] [DEBUG   ] --- compute solution for different disposition of 3 resources (mru.computevalue:109)
[2017-12-22 17:46:50.562] [DEBUG   ] --- saved results in /home/multidefender/mru_securitygame/mru/../file/results/res_graphs_20_ntgts/res_instance_ntgts_20_den_25_dead_4_graphix_9_ix_0.pickle (mru.iomanager:121)
[2017-12-22 17:46:50.562] [DEBUG   ] --- END computation for graph 20 4 9 (__main__:64)
[2017-12-22 17:46:51.262] [DEBUG   ] --- START computation for graph 20 10 5 (__main__:57)
[2017-12-22 17:46:51.262] [DEBUG   ] --- start compute_values function (mru.computevalue:44)
[2017-12-22 17:46:51.263] [DEBUG   ] --- compute shortest sets (mru.computevalue:56)
[2017-12-22 17:46:51.271] [DEBUG   ] --- compute covering routes (mru.computevalue:60)
[2017-12-23 03:46:51.264] [ERROR   ] --- Timed out (mru.computevalue:137)
Traceback (most recent call last):
  File "/home/multidefender/mru_securitygame/mru/computevalue.py", line 62, in compute_values
    csr = compute_covering_routes(graph, tgts, rm_dominated=rm_dominated)
  File "/home/multidefender/mru_securitygame/mru/computevalue.py", line 215, in compute_covering_routes
    covset = cs.computeCovSet(graph_game, ver, targets)
  File "/home/multidefender/mru_securitygame/mru/srg/computecovsets.py", line 73, in computeCovSet
    C = purgeDominatedStrategies(C, i+1);
  File "/home/multidefender/mru_securitygame/mru/srg/computecovsets.py", line 98, in purgeDominatedStrategies
    condition3 =  m not in deleted and n not in deleted;
  File "/home/multidefender/mru_securitygame/mru/patrolling/correlated/correlated_row_gen.py", line 29, in signal_handler
    raise TimeoutException, "Timed out"
TimeoutException: Timed out
[2017-12-23 03:46:51.298] [DEBUG   ] --- saved results in /home/multidefender/mru_securitygame/mru/../file/results/res_graphs_20_ntgts/res_instance_ntgts_20_den_25_dead_10_graphix_5_ix_0.pickle (mru.iomanager:121)
[2017-12-23 03:46:51.298] [DEBUG   ] --- END computation for graph 20 10 5 (__main__:64)
[2017-12-23 03:46:52. 75] [DEBUG   ] --- START computation for graph 20 19 1 (__main__:57)
[2017-12-23 03:46:52. 75] [DEBUG   ] --- start compute_values function (mru.computevalue:44)
[2017-12-23 03:46:52. 75] [DEBUG   ] --- compute shortest sets (mru.computevalue:56)
[2017-12-23 03:46:52. 83] [DEBUG   ] --- compute covering routes (mru.computevalue:60)
[2017-12-23 13:46:52. 77] [ERROR   ] --- Timed out (mru.computevalue:137)
Traceback (most recent call last):
  File "/home/multidefender/mru_securitygame/mru/computevalue.py", line 62, in compute_values
    csr = compute_covering_routes(graph, tgts, rm_dominated=rm_dominated)
  File "/home/multidefender/mru_securitygame/mru/computevalue.py", line 215, in compute_covering_routes
    covset = cs.computeCovSet(graph_game, ver, targets)
  File "/home/multidefender/mru_securitygame/mru/srg/computecovsets.py", line 73, in computeCovSet
    C = purgeDominatedStrategies(C, i+1);
  File "/home/multidefender/mru_securitygame/mru/srg/computecovsets.py", line 98, in purgeDominatedStrategies
    condition3 =  m not in deleted and n not in deleted;
  File "/home/multidefender/mru_securitygame/mru/patrolling/correlated/correlated_row_gen.py", line 29, in signal_handler
    raise TimeoutException, "Timed out"
TimeoutException: Timed out
[2017-12-23 13:46:52.118] [DEBUG   ] --- saved results in /home/multidefender/mru_securitygame/mru/../file/results/res_graphs_20_ntgts/res_instance_ntgts_20_den_25_dead_19_graphix_1_ix_0.pickle (mru.iomanager:121)
[2017-12-23 13:46:52.118] [DEBUG   ] --- END computation for graph 20 19 1 (__main__:64)
[2017-12-23 13:46:52.860] [DEBUG   ] --- START computation for graph 25 5 7 (__main__:57)
[2017-12-23 13:46:52.860] [DEBUG   ] --- start compute_values function (mru.computevalue:44)
[2017-12-23 13:46:52.861] [DEBUG   ] --- compute shortest sets (mru.computevalue:56)
[2017-12-23 13:46:52.871] [DEBUG   ] --- compute covering routes (mru.computevalue:60)
[2017-12-23 23:46:52.861] [ERROR   ] --- Timed out (mru.computevalue:137)
Traceback (most recent call last):
  File "/home/multidefender/mru_securitygame/mru/computevalue.py", line 62, in compute_values
    csr = compute_covering_routes(graph, tgts, rm_dominated=rm_dominated)
  File "/home/multidefender/mru_securitygame/mru/computevalue.py", line 215, in compute_covering_routes
    covset = cs.computeCovSet(graph_game, ver, targets)
  File "/home/multidefender/mru_securitygame/mru/srg/computecovsets.py", line 73, in computeCovSet
    C = purgeDominatedStrategies(C, i+1);
  File "/home/multidefender/mru_securitygame/mru/srg/computecovsets.py", line 97, in purgeDominatedStrategies
    condition2 = np.array_equal(np.sort(routes[n]), np.sort(routes[m])); # we want that the routes contains the same elements
  File "/usr/lib/python2.7/dist-packages/numpy/core/numeric.py", line 2515, in array_equal
    return bool(asarray(a1 == a2).all())
  File "/usr/lib/python2.7/dist-packages/numpy/core/_methods.py", line 41, in _all
    return umr_all(a, axis, dtype, out, keepdims)
  File "/home/multidefender/mru_securitygame/mru/patrolling/correlated/correlated_row_gen.py", line 29, in signal_handler
    raise TimeoutException, "Timed out"
TimeoutException: Timed out
[2017-12-23 23:46:52.872] [DEBUG   ] --- saved results in /home/multidefender/mru_securitygame/mru/../file/results/res_graphs_25_ntgts/res_instance_ntgts_25_den_25_dead_5_graphix_7_ix_0.pickle (mru.iomanager:121)
[2017-12-23 23:46:52.872] [DEBUG   ] --- END computation for graph 25 5 7 (__main__:64)
[2017-12-23 23:46:53.410] [DEBUG   ] --- START computation for graph 30 5 3 (__main__:57)
[2017-12-23 23:46:53.410] [DEBUG   ] --- start compute_values function (mru.computevalue:44)
[2017-12-23 23:46:53.411] [DEBUG   ] --- compute shortest sets (mru.computevalue:56)
[2017-12-23 23:46:53.423] [DEBUG   ] --- compute covering routes (mru.computevalue:60)
[2017-12-24 09:46:53.411] [ERROR   ] --- Timed out (mru.computevalue:137)
Traceback (most recent call last):
  File "/home/multidefender/mru_securitygame/mru/computevalue.py", line 62, in compute_values
    csr = compute_covering_routes(graph, tgts, rm_dominated=rm_dominated)
  File "/home/multidefender/mru_securitygame/mru/computevalue.py", line 215, in compute_covering_routes
    covset = cs.computeCovSet(graph_game, ver, targets)
  File "/home/multidefender/mru_securitygame/mru/srg/computecovsets.py", line 73, in computeCovSet
    C = purgeDominatedStrategies(C, i+1);
  File "/home/multidefender/mru_securitygame/mru/srg/computecovsets.py", line 98, in purgeDominatedStrategies
    condition3 =  m not in deleted and n not in deleted;
  File "/home/multidefender/mru_securitygame/mru/patrolling/correlated/correlated_row_gen.py", line 29, in signal_handler
    raise TimeoutException, "Timed out"
TimeoutException: Timed out
[2017-12-24 09:46:53.421] [DEBUG   ] --- saved results in /home/multidefender/mru_securitygame/mru/../file/results/res_graphs_30_ntgts/res_instance_ntgts_30_den_25_dead_5_graphix_3_ix_0.pickle (mru.iomanager:121)
[2017-12-24 09:46:53.421] [DEBUG   ] --- END computation for graph 30 5 3 (__main__:64)
[2017-12-24 09:46:53.962] [DEBUG   ] --- START computation for graph 30 10 9 (__main__:57)
[2017-12-24 09:46:53.962] [DEBUG   ] --- start compute_values function (mru.computevalue:44)
[2017-12-24 09:46:53.963] [DEBUG   ] --- compute shortest sets (mru.computevalue:56)
[2017-12-24 09:46:53.975] [DEBUG   ] --- compute covering routes (mru.computevalue:60)
