[2017-12-26 11:00:04.201] [DEBUG   ] --- START computation for graph 20 4 0.25 1 (__main__:63)
[2017-12-26 11:00:04.201] [DEBUG   ] --- start compute_values function (mru.computevalue:44)
[2017-12-26 11:00:04.202] [DEBUG   ] --- compute shortest sets (mru.computevalue:56)
[2017-12-26 11:00:04.209] [DEBUG   ] --- compute covering routes (mru.computevalue:60)
[2017-12-26 12:14:43.908] [DEBUG   ] --- compute solution with maximum resources (mru.computevalue:66)
[2017-12-26 12:14:52.370] [DEBUG   ] --- compute solution with minimum resources (mru.computevalue:73)
[2017-12-26 12:15:02.103] [DEBUG   ] --- compute solution for different dispositions of minimum resources (mru.computevalue:86)
[2017-12-26 12:15:51.509] [DEBUG   ] --- compute solution with 2 resources (mru.computevalue:97)
[2017-12-26 12:16:11.900] [DEBUG   ] --- compute solution for different disposition of 2 resources (mru.computevalue:109)
[2017-12-26 12:21:08.126] [DEBUG   ] --- compute solution with 3 resources (mru.computevalue:97)
[2017-12-26 12:23:02.431] [DEBUG   ] --- compute solution for different disposition of 3 resources (mru.computevalue:109)
[2017-12-26 12:35:50.327] [DEBUG   ] --- saved results in /home/multidefender/mru_securitygame/mru/../file/results/res_graphs_20_ntgts/res_instance_ntgts_20_den_25_dead_4_graphix_1_ix_0.pickle (mru.iomanager:121)
[2017-12-26 12:35:50.328] [DEBUG   ] --- END computation for graph 20 4 0.25 1 (__main__:73)
[2017-12-26 12:35:51.278] [DEBUG   ] --- START computation for graph 20 5 0.25 1 (__main__:63)
[2017-12-26 12:35:51.278] [DEBUG   ] --- start compute_values function (mru.computevalue:44)
[2017-12-26 12:35:51.279] [DEBUG   ] --- compute shortest sets (mru.computevalue:56)
[2017-12-26 12:35:51.332] [DEBUG   ] --- compute covering routes (mru.computevalue:60)
[2017-12-27 00:10:52. 63] [DEBUG   ] --- compute solution with maximum resources (mru.computevalue:66)
[2017-12-27 00:11:14.958] [DEBUG   ] --- compute solution with minimum resources (mru.computevalue:73)
[2017-12-27 00:11:56.496] [DEBUG   ] --- compute solution for different dispositions of minimum resources (mru.computevalue:86)
[2017-12-27 00:16:39.510] [DEBUG   ] --- compute solution with 2 resources (mru.computevalue:97)
[2017-12-27 00:19:15.513] [DEBUG   ] --- compute solution for different disposition of 2 resources (mru.computevalue:109)
[2017-12-27 00:36:05.932] [DEBUG   ] --- compute solution with 3 resources (mru.computevalue:97)
[2017-12-27 00:44:27. 24] [DEBUG   ] --- compute solution for different disposition of 3 resources (mru.computevalue:109)
[2017-12-27 01:48:17.181] [DEBUG   ] --- saved results in /home/multidefender/mru_securitygame/mru/../file/results/res_graphs_20_ntgts/res_instance_ntgts_20_den_25_dead_5_graphix_1_ix_0.pickle (mru.iomanager:121)
[2017-12-27 01:48:17.181] [DEBUG   ] --- END computation for graph 20 5 0.25 1 (__main__:73)
[2017-12-27 01:48:17.971] [DEBUG   ] --- START computation for graph 20 10 0.25 1 (__main__:63)
[2017-12-27 01:48:17.971] [DEBUG   ] --- start compute_values function (mru.computevalue:44)
[2017-12-27 01:48:17.972] [DEBUG   ] --- compute shortest sets (mru.computevalue:56)
[2017-12-27 01:48:17.984] [DEBUG   ] --- compute covering routes (mru.computevalue:60)
