[2018-01-25 16:26:57.805] [DEBUG   ] --- START computation for graph 45 5 0.6 1 (__main__:77)
[2018-01-25 16:26:57.805] [DEBUG   ] --- start compute_values function (mru.computevalue:116)
[2018-01-25 16:26:57.806] [DEBUG   ] --- compute shortest sets (mru.computevalue:125)
[2018-01-25 16:26:57.837] [DEBUG   ] --- compute covering routes (mru.computevalue:129)
[2018-01-25 16:59:43.436] [DEBUG   ] --- compute solution with maximum resources (mru.computevalue:135)
[2018-01-25 16:59:51.435] [DEBUG   ] --- compute solution with minimum resources (mru.computevalue:147)
[2018-01-25 17:00:02.908] [DEBUG   ] --- compute solution for different dispositions of2 resources (mru.computevalue:50)
[2018-01-25 17:04:35.411] [DEBUG   ] --- compute solution with 3 resources (mru.computevalue:166)
[2018-01-25 17:04:56.371] [DEBUG   ] --- compute solution for different dispositions of3 resources (mru.computevalue:50)
[2018-01-25 17:10:34.280] [DEBUG   ] --- compute solution with 4 resources (mru.computevalue:166)
[2018-01-25 17:10:56. 50] [DEBUG   ] --- compute solution for different dispositions of4 resources (mru.computevalue:50)
[2018-01-25 17:20:14. 50] [DEBUG   ] --- compute solution with 5 resources (mru.computevalue:166)
[2018-01-25 17:21:34.224] [DEBUG   ] --- compute solution for different dispositions of5 resources (mru.computevalue:50)
[2018-01-25 17:33:11.  2] [DEBUG   ] --- compute solution with 6 resources (mru.computevalue:166)
[2018-01-25 17:37:50.436] [DEBUG   ] --- compute solution for different dispositions of6 resources (mru.computevalue:50)
[2018-01-25 17:52:37.693] [DEBUG   ] --- compute solution with 7 resources (mru.computevalue:166)
[2018-01-25 17:58:02.678] [DEBUG   ] --- compute solution for different dispositions of7 resources (mru.computevalue:50)
[2018-01-25 18:21:02.658] [DEBUG   ] --- compute solution with 8 resources (mru.computevalue:166)
[2018-01-25 18:27:23.840] [DEBUG   ] --- compute solution for different dispositions of8 resources (mru.computevalue:50)
[2018-01-25 18:53:26.484] [DEBUG   ] --- saved results in /home/multidefender/mru_securitygame/mru/../file/results/res_graphs_45_ntgts/res_instance_ntgts_45_den_06_dead_5_graphix_1_ix_0.pickle (mru.iomanager:121)
[2018-01-25 18:53:26.484] [DEBUG   ] --- END computation for graph 45 5 0.6 1 (__main__:87)
[2018-01-25 18:53:26.487] [DEBUG   ] --- START computation for graph 30 10 0.10 2 (__main__:77)
[2018-01-25 18:53:26.487] [DEBUG   ] --- start compute_values function (mru.computevalue:116)
[2018-01-25 18:53:26.487] [DEBUG   ] --- compute shortest sets (mru.computevalue:125)
[2018-01-25 18:53:26.495] [DEBUG   ] --- compute covering routes (mru.computevalue:129)
