[2017-12-26 10:44:26.410] [DEBUG   ] --- START computation for graph 20 4 0.10 4 (__main__:63)
[2017-12-26 10:44:26.411] [DEBUG   ] --- start compute_values function (mru.computevalue:44)
[2017-12-26 10:44:26.411] [DEBUG   ] --- compute shortest sets (mru.computevalue:56)
[2017-12-26 10:44:26.418] [DEBUG   ] --- compute covering routes (mru.computevalue:60)
[2017-12-26 10:44:32.978] [DEBUG   ] --- compute solution with maximum resources (mru.computevalue:66)
[2017-12-26 10:44:33.185] [DEBUG   ] --- compute solution with minimum resources (mru.computevalue:73)
[2017-12-26 10:44:33.871] [DEBUG   ] --- compute solution for different dispositions of minimum resources (mru.computevalue:86)
[2017-12-26 10:44:36.342] [DEBUG   ] --- compute solution with 3 resources (mru.computevalue:97)
[2017-12-26 10:44:37. 89] [DEBUG   ] --- compute solution for different disposition of 3 resources (mru.computevalue:109)
[2017-12-26 10:44:40.494] [DEBUG   ] --- compute solution with 4 resources (mru.computevalue:97)
[2017-12-26 10:44:42.348] [DEBUG   ] --- compute solution for different disposition of 4 resources (mru.computevalue:109)
[2017-12-26 10:44:46.497] [DEBUG   ] --- saved results in /home/multidefender/mru_securitygame/mru/../file/results/res_graphs_20_ntgts/res_instance_ntgts_20_den_10_dead_4_graphix_4_ix_0.pickle (mru.iomanager:121)
[2017-12-26 10:44:46.497] [DEBUG   ] --- END computation for graph 20 4 0.10 4 (__main__:73)
[2017-12-26 10:44:47.342] [DEBUG   ] --- START computation for graph 20 4 0.10 9 (__main__:63)
[2017-12-26 10:44:47.343] [DEBUG   ] --- start compute_values function (mru.computevalue:44)
[2017-12-26 10:44:47.343] [DEBUG   ] --- compute shortest sets (mru.computevalue:56)
[2017-12-26 10:44:47.350] [DEBUG   ] --- compute covering routes (mru.computevalue:60)
[2017-12-26 10:44:58.471] [DEBUG   ] --- compute solution with maximum resources (mru.computevalue:66)
[2017-12-26 10:44:58.792] [DEBUG   ] --- compute solution with minimum resources (mru.computevalue:73)
[2017-12-26 10:44:59.544] [DEBUG   ] --- compute solution for different dispositions of minimum resources (mru.computevalue:86)
[2017-12-26 10:45:05.588] [DEBUG   ] --- compute solution with 3 resources (mru.computevalue:97)
[2017-12-26 10:45:08.577] [DEBUG   ] --- compute solution for different disposition of 3 resources (mru.computevalue:109)
[2017-12-26 10:45:23.391] [DEBUG   ] --- compute solution with 4 resources (mru.computevalue:97)
[2017-12-26 10:45:29.980] [DEBUG   ] --- compute solution for different disposition of 4 resources (mru.computevalue:109)
[2017-12-26 10:45:48.623] [DEBUG   ] --- saved results in /home/multidefender/mru_securitygame/mru/../file/results/res_graphs_20_ntgts/res_instance_ntgts_20_den_10_dead_4_graphix_9_ix_0.pickle (mru.iomanager:121)
[2017-12-26 10:45:48.623] [DEBUG   ] --- END computation for graph 20 4 0.10 9 (__main__:73)
[2017-12-26 10:45:49.547] [DEBUG   ] --- START computation for graph 20 5 0.10 4 (__main__:63)
[2017-12-26 10:45:49.547] [DEBUG   ] --- start compute_values function (mru.computevalue:44)
[2017-12-26 10:45:49.548] [DEBUG   ] --- compute shortest sets (mru.computevalue:56)
[2017-12-26 10:45:49.556] [DEBUG   ] --- compute covering routes (mru.computevalue:60)
[2017-12-26 10:46:06.159] [DEBUG   ] --- compute solution with maximum resources (mru.computevalue:66)
[2017-12-26 10:46:06.519] [DEBUG   ] --- compute solution with minimum resources (mru.computevalue:73)
[2017-12-26 10:46:07.151] [DEBUG   ] --- compute solution for different dispositions of minimum resources (mru.computevalue:86)
[2017-12-26 10:46:19.652] [DEBUG   ] --- compute solution with 3 resources (mru.computevalue:97)
[2017-12-26 10:46:21.816] [DEBUG   ] --- compute solution for different disposition of 3 resources (mru.computevalue:109)
[2017-12-26 10:46:32.731] [DEBUG   ] --- compute solution with 4 resources (mru.computevalue:97)
[2017-12-26 10:46:34. 25] [DEBUG   ] --- compute solution for different disposition of 4 resources (mru.computevalue:109)
[2017-12-26 10:46:50.942] [DEBUG   ] --- saved results in /home/multidefender/mru_securitygame/mru/../file/results/res_graphs_20_ntgts/res_instance_ntgts_20_den_10_dead_5_graphix_4_ix_0.pickle (mru.iomanager:121)
[2017-12-26 10:46:50.942] [DEBUG   ] --- END computation for graph 20 5 0.10 4 (__main__:73)
[2017-12-26 10:46:51.795] [DEBUG   ] --- START computation for graph 20 5 0.10 9 (__main__:63)
[2017-12-26 10:46:51.796] [DEBUG   ] --- start compute_values function (mru.computevalue:44)
[2017-12-26 10:46:51.796] [DEBUG   ] --- compute shortest sets (mru.computevalue:56)
[2017-12-26 10:46:51.805] [DEBUG   ] --- compute covering routes (mru.computevalue:60)
