[2018-01-25 16:26:57.790] [DEBUG   ] --- START computation for graph 45 5 0.6 0 (__main__:77)
[2018-01-25 16:26:57.791] [DEBUG   ] --- start compute_values function (mru.computevalue:116)
[2018-01-25 16:26:57.792] [DEBUG   ] --- compute shortest sets (mru.computevalue:125)
[2018-01-25 16:26:57.820] [DEBUG   ] --- compute covering routes (mru.computevalue:129)
[2018-01-25 18:06:32.963] [DEBUG   ] --- compute solution with maximum resources (mru.computevalue:135)
[2018-01-25 18:06:46.728] [DEBUG   ] --- compute solution with minimum resources (mru.computevalue:147)
[2018-01-25 18:07:04.780] [DEBUG   ] --- compute solution for different dispositions of1 resources (mru.computevalue:50)
[2018-01-25 18:07:50.754] [DEBUG   ] --- compute solution with 2 resources (mru.computevalue:166)
[2018-01-25 18:08:14.903] [DEBUG   ] --- compute solution for different dispositions of2 resources (mru.computevalue:50)
[2018-01-25 18:13:39.364] [DEBUG   ] --- compute solution with 3 resources (mru.computevalue:166)
[2018-01-25 18:14:07.180] [DEBUG   ] --- compute solution for different dispositions of3 resources (mru.computevalue:50)
[2018-01-25 18:20:20.410] [DEBUG   ] --- compute solution with 4 resources (mru.computevalue:166)
[2018-01-25 18:21:31.337] [DEBUG   ] --- compute solution for different dispositions of4 resources (mru.computevalue:50)
[2018-01-25 18:32:10.901] [DEBUG   ] --- compute solution with 5 resources (mru.computevalue:166)
[2018-01-25 18:33:34.247] [DEBUG   ] --- compute solution for different dispositions of5 resources (mru.computevalue:50)
[2018-01-25 18:47:03.165] [DEBUG   ] --- compute solution with 6 resources (mru.computevalue:166)
[2018-01-25 18:50:04.672] [DEBUG   ] --- compute solution for different dispositions of6 resources (mru.computevalue:50)
[2018-01-25 19:07:39.744] [DEBUG   ] --- compute solution with 7 resources (mru.computevalue:166)
[2018-01-25 19:14:03.549] [DEBUG   ] --- compute solution for different dispositions of7 resources (mru.computevalue:50)
[2018-01-25 19:43:01. 65] [DEBUG   ] --- compute solution with 8 resources (mru.computevalue:166)
[2018-01-25 19:52:51.244] [DEBUG   ] --- compute solution for different dispositions of8 resources (mru.computevalue:50)
[2018-01-25 20:28:28.141] [DEBUG   ] --- saved results in /home/multidefender/mru_securitygame/mru/../file/results/res_graphs_45_ntgts/res_instance_ntgts_45_den_06_dead_5_graphix_0_ix_0.pickle (mru.iomanager:121)
[2018-01-25 20:28:28.142] [DEBUG   ] --- END computation for graph 45 5 0.6 0 (__main__:87)
[2018-01-25 20:28:28.144] [DEBUG   ] --- START computation for graph 30 10 0.10 3 (__main__:77)
[2018-01-25 20:28:28.144] [DEBUG   ] --- start compute_values function (mru.computevalue:116)
[2018-01-25 20:28:28.144] [DEBUG   ] --- compute shortest sets (mru.computevalue:125)
[2018-01-25 20:28:28.152] [DEBUG   ] --- compute covering routes (mru.computevalue:129)
