[2017-12-26 11:00:03.881] [DEBUG   ] --- START computation for graph 20 4 0.25 7 (__main__:63)
[2017-12-26 11:00:03.881] [DEBUG   ] --- start compute_values function (mru.computevalue:44)
[2017-12-26 11:00:03.882] [DEBUG   ] --- compute shortest sets (mru.computevalue:56)
[2017-12-26 11:00:03.890] [DEBUG   ] --- compute covering routes (mru.computevalue:60)
[2017-12-26 12:12:32.659] [DEBUG   ] --- compute solution with maximum resources (mru.computevalue:66)
[2017-12-26 12:12:41.812] [DEBUG   ] --- compute solution with minimum resources (mru.computevalue:73)
[2017-12-26 12:12:50.618] [DEBUG   ] --- compute solution for different dispositions of minimum resources (mru.computevalue:86)
[2017-12-26 12:13:55.871] [DEBUG   ] --- compute solution with 2 resources (mru.computevalue:97)
[2017-12-26 12:14:22.759] [DEBUG   ] --- compute solution for different disposition of 2 resources (mru.computevalue:109)
[2017-12-26 12:17:58.703] [DEBUG   ] --- compute solution with 3 resources (mru.computevalue:97)
[2017-12-26 12:18:59.460] [DEBUG   ] --- compute solution for different disposition of 3 resources (mru.computevalue:109)
[2017-12-26 12:29:13.657] [DEBUG   ] --- saved results in /home/multidefender/mru_securitygame/mru/../file/results/res_graphs_20_ntgts/res_instance_ntgts_20_den_25_dead_4_graphix_7_ix_0.pickle (mru.iomanager:121)
[2017-12-26 12:29:13.658] [DEBUG   ] --- END computation for graph 20 4 0.25 7 (__main__:73)
[2017-12-26 12:29:14.401] [DEBUG   ] --- START computation for graph 20 5 0.25 7 (__main__:63)
[2017-12-26 12:29:14.401] [DEBUG   ] --- start compute_values function (mru.computevalue:44)
[2017-12-26 12:29:14.401] [DEBUG   ] --- compute shortest sets (mru.computevalue:56)
[2017-12-26 12:29:14.410] [DEBUG   ] --- compute covering routes (mru.computevalue:60)
[2017-12-27 03:46:29.622] [DEBUG   ] --- compute solution with maximum resources (mru.computevalue:66)
[2017-12-27 03:46:52.368] [DEBUG   ] --- compute solution with minimum resources (mru.computevalue:73)
[2017-12-27 03:47:17.131] [DEBUG   ] --- compute solution for different dispositions of minimum resources (mru.computevalue:86)
[2017-12-27 03:50:31.499] [DEBUG   ] --- compute solution with 2 resources (mru.computevalue:97)
[2017-12-27 03:52:00.311] [DEBUG   ] --- compute solution for different disposition of 2 resources (mru.computevalue:109)
[2017-12-27 04:10:33.856] [DEBUG   ] --- compute solution with 3 resources (mru.computevalue:97)
[2017-12-27 04:15:59.201] [DEBUG   ] --- compute solution for different disposition of 3 resources (mru.computevalue:109)
[2017-12-27 05:19:39.408] [DEBUG   ] --- saved results in /home/multidefender/mru_securitygame/mru/../file/results/res_graphs_20_ntgts/res_instance_ntgts_20_den_25_dead_5_graphix_7_ix_0.pickle (mru.iomanager:121)
[2017-12-27 05:19:39.409] [DEBUG   ] --- END computation for graph 20 5 0.25 7 (__main__:73)
[2017-12-27 05:19:40.264] [DEBUG   ] --- START computation for graph 20 10 0.25 7 (__main__:63)
[2017-12-27 05:19:40.264] [DEBUG   ] --- start compute_values function (mru.computevalue:44)
[2017-12-27 05:19:40.265] [DEBUG   ] --- compute shortest sets (mru.computevalue:56)
[2017-12-27 05:19:40.273] [DEBUG   ] --- compute covering routes (mru.computevalue:60)
