[2017-12-26 11:00:03.980] [DEBUG   ] --- START computation for graph 20 4 0.25 8 (__main__:63)
[2017-12-26 11:00:03.981] [DEBUG   ] --- start compute_values function (mru.computevalue:44)
[2017-12-26 11:00:03.981] [DEBUG   ] --- compute shortest sets (mru.computevalue:56)
[2017-12-26 11:00:03.995] [DEBUG   ] --- compute covering routes (mru.computevalue:60)
[2017-12-26 12:02:41.379] [DEBUG   ] --- compute solution with maximum resources (mru.computevalue:66)
[2017-12-26 12:02:48.629] [DEBUG   ] --- compute solution with minimum resources (mru.computevalue:73)
[2017-12-26 12:02:56.591] [DEBUG   ] --- compute solution for different dispositions of minimum resources (mru.computevalue:86)
[2017-12-26 12:04:20.822] [DEBUG   ] --- compute solution with 2 resources (mru.computevalue:97)
[2017-12-26 12:04:48.554] [DEBUG   ] --- compute solution for different disposition of 2 resources (mru.computevalue:109)
[2017-12-26 12:10:25.398] [DEBUG   ] --- compute solution with 3 resources (mru.computevalue:97)
[2017-12-26 12:11:45.601] [DEBUG   ] --- compute solution for different disposition of 3 resources (mru.computevalue:109)
[2017-12-26 12:25:10. 26] [DEBUG   ] --- saved results in /home/multidefender/mru_securitygame/mru/../file/results/res_graphs_20_ntgts/res_instance_ntgts_20_den_25_dead_4_graphix_8_ix_0.pickle (mru.iomanager:121)
[2017-12-26 12:25:10. 27] [DEBUG   ] --- END computation for graph 20 4 0.25 8 (__main__:73)
[2017-12-26 12:25:10.964] [DEBUG   ] --- START computation for graph 20 5 0.25 8 (__main__:63)
[2017-12-26 12:25:10.964] [DEBUG   ] --- start compute_values function (mru.computevalue:44)
[2017-12-26 12:25:10.965] [DEBUG   ] --- compute shortest sets (mru.computevalue:56)
[2017-12-26 12:25:10.971] [DEBUG   ] --- compute covering routes (mru.computevalue:60)
[2017-12-26 23:02:39.878] [DEBUG   ] --- compute solution with maximum resources (mru.computevalue:66)
[2017-12-26 23:02:59.369] [DEBUG   ] --- compute solution with minimum resources (mru.computevalue:73)
[2017-12-26 23:03:26. 95] [DEBUG   ] --- compute solution for different dispositions of minimum resources (mru.computevalue:86)
[2017-12-26 23:08:08.391] [DEBUG   ] --- compute solution with 2 resources (mru.computevalue:97)
[2017-12-26 23:11:42.167] [DEBUG   ] --- compute solution for different disposition of 2 resources (mru.computevalue:109)
[2017-12-26 23:31:13.282] [DEBUG   ] --- compute solution with 3 resources (mru.computevalue:97)
[2017-12-26 23:41:13.410] [DEBUG   ] --- compute solution for different disposition of 3 resources (mru.computevalue:109)
[2017-12-27 00:57:27.162] [DEBUG   ] --- saved results in /home/multidefender/mru_securitygame/mru/../file/results/res_graphs_20_ntgts/res_instance_ntgts_20_den_25_dead_5_graphix_8_ix_0.pickle (mru.iomanager:121)
[2017-12-27 00:57:27.163] [DEBUG   ] --- END computation for graph 20 5 0.25 8 (__main__:73)
[2017-12-27 00:57:28. 73] [DEBUG   ] --- START computation for graph 20 10 0.25 8 (__main__:63)
[2017-12-27 00:57:28. 73] [DEBUG   ] --- start compute_values function (mru.computevalue:44)
[2017-12-27 00:57:28. 74] [DEBUG   ] --- compute shortest sets (mru.computevalue:56)
[2017-12-27 00:57:28. 90] [DEBUG   ] --- compute covering routes (mru.computevalue:60)
